#
# There is insufficient memory for the Java Runtime Environment to continue.
# Native memory allocation (mmap) failed to map 63963136 bytes for G1 virtual space
# Possible reasons:
#   The system is out of physical RAM or swap space
#   The process is running with CompressedOops enabled, and the Java Heap may be blocking the growth of the native heap
# Possible solutions:
#   Reduce memory load on the system
#   Increase physical memory or swap space
#   Check if swap backing store is full
#   Decrease Java heap size (-Xmx/-Xms)
#   Decrease number of Java threads
#   Decrease Java thread stack sizes (-Xss)
#   Set larger code cache with -XX:ReservedCodeCacheSize=
#   JVM is running with Unscaled Compressed Oops mode in which the Java heap is
#     placed in the first 4GB address space. The Java Heap base address is the
#     maximum limit for the native heap growth. Please use -XX:HeapBaseMinAddress
#     to set the Java Heap base and to place the Java Heap above 4GB virtual address.
# This output file may be truncated or incomplete.
#
#  Out of Memory Error (os_windows.cpp:3769), pid=20420, tid=17688
#
# JRE version: OpenJDK Runtime Environment (17.0.6) (build 17.0.6+0-b2043.56-9586694)
# Java VM: OpenJDK 64-Bit Server VM (17.0.6+0-b2043.56-9586694, mixed mode, tiered, compressed oops, compressed class ptrs, g1 gc, windows-amd64)
# No core dump will be written. Minidumps are not enabled by default on client versions of Windows
#

---------------  S U M M A R Y ------------

Command Line: --add-opens=java.base/java.util=ALL-UNNAMED --add-opens=java.base/java.lang=ALL-UNNAMED --add-opens=java.base/java.lang.invoke=ALL-UNNAMED --add-opens=java.prefs/java.util.prefs=ALL-UNNAMED --add-opens=java.base/java.nio.charset=ALL-UNNAMED --add-opens=java.base/java.net=ALL-UNNAMED --add-opens=java.base/java.util.concurrent.atomic=ALL-UNNAMED -Xmx2048m -Dfile.encoding=UTF-8 -Duser.country=IN -Duser.language=en -Duser.variant org.gradle.launcher.daemon.bootstrap.GradleDaemon 8.0

Host: Intel(R) Core(TM) i7-3520M CPU @ 2.90GHz, 4 cores, 3G,  Windows 10 , 64 bit Build 19041 (10.0.19041.3155)
Time: Wed Jul 26 08:46:25 2023 India Standard Time elapsed time: 456.119989 seconds (0d 0h 7m 36s)

---------------  T H R E A D  ---------------

Current thread (0x000001885bacd7c0):  VMThread "VM Thread" [stack: 0x00000032c0200000,0x00000032c0300000] [id=17688]

Stack: [0x00000032c0200000,0x00000032c0300000]
Native frames: (J=compiled Java code, j=interpreted, Vv=VM code, C=native code)
V  [jvm.dll+0x683b4a]
V  [jvm.dll+0x842654]
V  [jvm.dll+0x843dfe]
V  [jvm.dll+0x844463]
V  [jvm.dll+0x249b75]
V  [jvm.dll+0x680a19]
V  [jvm.dll+0x674f0a]
V  [jvm.dll+0x309acb]
V  [jvm.dll+0x310f86]
V  [jvm.dll+0x3608ee]
V  [jvm.dll+0x360b1f]
V  [jvm.dll+0x2dfbf8]
V  [jvm.dll+0x2ddec4]
V  [jvm.dll+0x2dd4cc]
V  [jvm.dll+0x321f3b]
V  [jvm.dll+0x84893b]
V  [jvm.dll+0x849674]
V  [jvm.dll+0x849b8d]
V  [jvm.dll+0x849f64]
V  [jvm.dll+0x84a030]
V  [jvm.dll+0x7f25fa]
V  [jvm.dll+0x682985]
C  [ucrtbase.dll+0x21bb2]
C  [KERNEL32.DLL+0x17614]
C  [ntdll.dll+0x526b1]

VM_Operation (0x00000032c55fe480): G1CollectForAllocation, mode: safepoint, requested by thread 0x0000018861551570


---------------  P R O C E S S  ---------------

Threads class SMR info:
_java_thread_list=0x0000018860ee49b0, length=89, elements={
0x000001884042dfa0, 0x000001885baf3620, 0x000001885baf63b0, 0x000001885badfec0,
0x000001885c509080, 0x000001885c50b0f0, 0x000001885c50c150, 0x000001885c5109e0,
0x000001885bb3af50, 0x000001885bb3b460, 0x000001885c65e440, 0x000001885c673400,
0x000001885da75830, 0x000001885ec47bd0, 0x000001885ed05030, 0x000001885deaeec0,
0x000001885deb0ba0, 0x000001885deaf390, 0x000001885deaf860, 0x000001885deb1a10,
0x000001885deafd30, 0x00000188609f8080, 0x00000188609f2eb0, 0x00000188609f6d40,
0x00000188609f8550, 0x00000188609f76e0, 0x000001885f2908b0, 0x000001885f293da0,
0x00000188609f8a20, 0x00000188609f41f0, 0x00000188609f93c0, 0x00000188609f9890,
0x00000188609f5060, 0x00000188609f5530, 0x00000188609f4b90, 0x00000188609f5a00,
0x00000188609f2040, 0x00000188609f3380, 0x00000188609f5ed0, 0x00000188609f46c0,
0x00000188609f3850, 0x00000188609f63a0, 0x00000188609f2510, 0x000001885f28d3c0,
0x000001885f292590, 0x000001885f28d890, 0x000001885f294740, 0x000001885f28dd60,
0x000001885f28e230, 0x000001885f28f0a0, 0x000001885f292f30, 0x000001885f28f570,
0x000001885f2920c0, 0x000001885f28fa40, 0x000001885f28ff10, 0x000001885deb1070,
0x000001885deae520, 0x000001885deb0200, 0x000001885deb1540, 0x000001885deb06d0,
0x000001885deae9f0, 0x000001886154b530, 0x000001886154fd60, 0x000001886154f3c0,
0x000001886154bed0, 0x000001886154eef0, 0x000001886154c3a0, 0x0000018861550700,
0x000001886154ba00, 0x000001886154f890, 0x0000018861550230, 0x000001886154c870,
0x000001886154d210, 0x000001886154d6e0, 0x000001886154cd40, 0x000001886154dbb0,
0x0000018861550bd0, 0x000001886154ea20, 0x0000018861551a40, 0x00000188615510a0,
0x000001886154e550, 0x0000018861551570, 0x000001886154e080, 0x00000188615528b0,
0x000001886154b060, 0x0000018860ad2a70, 0x0000018860acff20, 0x0000018860ad2f40,
0x0000018860ad55c0
}

Java Threads: ( => current thread )
  0x000001884042dfa0 JavaThread "main" [_thread_blocked, id=9616, stack(0x00000032bfc00000,0x00000032bfd00000)]
  0x000001885baf3620 JavaThread "Reference Handler" daemon [_thread_blocked, id=15184, stack(0x00000032c0300000,0x00000032c0400000)]
  0x000001885baf63b0 JavaThread "Finalizer" daemon [_thread_blocked, id=14576, stack(0x00000032c0400000,0x00000032c0500000)]
  0x000001885badfec0 JavaThread "Signal Dispatcher" daemon [_thread_blocked, id=16500, stack(0x00000032c0500000,0x00000032c0600000)]
  0x000001885c509080 JavaThread "Attach Listener" daemon [_thread_blocked, id=18056, stack(0x00000032c0600000,0x00000032c0700000)]
  0x000001885c50b0f0 JavaThread "Service Thread" daemon [_thread_blocked, id=10128, stack(0x00000032c0700000,0x00000032c0800000)]
  0x000001885c50c150 JavaThread "Monitor Deflation Thread" daemon [_thread_blocked, id=15252, stack(0x00000032c0800000,0x00000032c0900000)]
  0x000001885c5109e0 JavaThread "C2 CompilerThread0" daemon [_thread_in_native, id=6024, stack(0x00000032c0900000,0x00000032c0a00000)]
  0x000001885bb3af50 JavaThread "C1 CompilerThread0" daemon [_thread_blocked, id=18844, stack(0x00000032c0a00000,0x00000032c0b00000)]
  0x000001885bb3b460 JavaThread "Sweeper thread" daemon [_thread_blocked, id=18508, stack(0x00000032c0b00000,0x00000032c0c00000)]
  0x000001885c65e440 JavaThread "Common-Cleaner" daemon [_thread_blocked, id=11932, stack(0x00000032c0c00000,0x00000032c0d00000)]
  0x000001885c673400 JavaThread "Notification Thread" daemon [_thread_blocked, id=14720, stack(0x00000032c0d00000,0x00000032c0e00000)]
  0x000001885da75830 JavaThread "Daemon health stats" [_thread_blocked, id=13520, stack(0x00000032c1200000,0x00000032c1300000)]
  0x000001885ec47bd0 JavaThread "Incoming local TCP Connector on port 57477" [_thread_in_native, id=12004, stack(0x00000032c1300000,0x00000032c1400000)]
  0x000001885ed05030 JavaThread "Daemon periodic checks" [_thread_blocked, id=3420, stack(0x00000032c1400000,0x00000032c1500000)]
  0x000001885deaeec0 JavaThread "Cache worker for journal cache (C:\Users\Besitzer\.gradle\caches\journal-1)" [_thread_blocked, id=14824, stack(0x00000032c1c00000,0x00000032c1d00000)]
  0x000001885deb0ba0 JavaThread "File lock request listener" [_thread_in_native, id=4908, stack(0x00000032c1d00000,0x00000032c1e00000)]
  0x000001885deaf390 JavaThread "Cache worker for file hash cache (C:\Users\Besitzer\.gradle\caches\8.0\fileHashes)" [_thread_blocked, id=6896, stack(0x00000032c1e00000,0x00000032c1f00000)]
  0x000001885deaf860 JavaThread "File watcher server" daemon [_thread_blocked, id=7516, stack(0x00000032c1f00000,0x00000032c2000000)]
  0x000001885deb1a10 JavaThread "File watcher consumer" daemon [_thread_blocked, id=9656, stack(0x00000032c2000000,0x00000032c2100000)]
  0x000001885deafd30 JavaThread "Cache worker for file content cache (C:\Users\Besitzer\.gradle\caches\8.0\fileContent)" [_thread_blocked, id=14088, stack(0x00000032c2300000,0x00000032c2400000)]
  0x00000188609f8080 JavaThread "Cache worker for execution history cache (C:\Users\Besitzer\.gradle\caches\8.0\executionHistory)" [_thread_blocked, id=15772, stack(0x00000032c2600000,0x00000032c2700000)]
  0x00000188609f2eb0 JavaThread "jar transforms" [_thread_blocked, id=1384, stack(0x00000032c2700000,0x00000032c2800000)]
  0x00000188609f6d40 JavaThread "jar transforms Thread 2" [_thread_blocked, id=10452, stack(0x00000032c2800000,0x00000032c2900000)]
  0x00000188609f8550 JavaThread "jar transforms Thread 3" [_thread_blocked, id=15596, stack(0x00000032c2900000,0x00000032c2a00000)]
  0x00000188609f76e0 JavaThread "jar transforms Thread 4" [_thread_blocked, id=13688, stack(0x00000032c2a00000,0x00000032c2b00000)]
  0x000001885f2908b0 JavaThread "Memory manager" [_thread_blocked, id=8000, stack(0x00000032c5900000,0x00000032c5a00000)]
  0x000001885f293da0 JavaThread "pool-3-thread-1" [_thread_blocked, id=2140, stack(0x00000032bf900000,0x00000032bfa00000)]
  0x00000188609f8a20 JavaThread "Daemon Thread 2" [_thread_blocked, id=16140, stack(0x00000032bfa00000,0x00000032bfb00000)]
  0x00000188609f41f0 JavaThread "Handler for socket connection from /127.0.0.1:57477 to /127.0.0.1:57593" [_thread_in_native, id=19516, stack(0x00000032bfb00000,0x00000032bfc00000)]
  0x00000188609f93c0 JavaThread "Cancel handler" [_thread_blocked, id=352, stack(0x00000032c1500000,0x00000032c1600000)]
  0x00000188609f9890 JavaThread "Daemon worker Thread 2" [_thread_blocked, id=2092, stack(0x00000032c1600000,0x00000032c1700000)]
  0x00000188609f5060 JavaThread "Asynchronous log dispatcher for DefaultDaemonConnection: socket connection from /127.0.0.1:57477 to /127.0.0.1:57593" [_thread_blocked, id=19148, stack(0x00000032c1700000,0x00000032c1800000)]
  0x00000188609f5530 JavaThread "Stdin handler" [_thread_blocked, id=19436, stack(0x00000032c1800000,0x00000032c1900000)]
  0x00000188609f4b90 JavaThread "Daemon client event forwarder" [_thread_blocked, id=18560, stack(0x00000032c1900000,0x00000032c1a00000)]
  0x00000188609f5a00 JavaThread "Cache worker for checksums cache (C:\Users\Besitzer\AndroidStudioProjects\intent\.gradle\8.0\checksums)" [_thread_blocked, id=5608, stack(0x00000032c1a00000,0x00000032c1b00000)]
  0x00000188609f2040 JavaThread "Cache worker for cache directory md-rule (C:\Users\Besitzer\.gradle\caches\8.0\md-rule)" [_thread_blocked, id=8564, stack(0x00000032c1b00000,0x00000032c1c00000)]
  0x00000188609f3380 JavaThread "Cache worker for file hash cache (C:\Users\Besitzer\AndroidStudioProjects\intent\.gradle\8.0\fileHashes)" [_thread_blocked, id=10956, stack(0x00000032c2100000,0x00000032c2200000)]
  0x00000188609f5ed0 JavaThread "Cache worker for cache directory md-supplier (C:\Users\Besitzer\.gradle\caches\8.0\md-supplier)" [_thread_blocked, id=11000, stack(0x00000032c2200000,0x00000032c2300000)]
  0x00000188609f46c0 JavaThread "Cache worker for dependencies-accessors (C:\Users\Besitzer\AndroidStudioProjects\intent\.gradle\8.0\dependencies-accessors)" [_thread_blocked, id=1136, stack(0x00000032c2400000,0x00000032c2500000)]
  0x00000188609f3850 JavaThread "Cache worker for Build Output Cleanup Cache (C:\Users\Besitzer\AndroidStudioProjects\intent\.gradle\buildOutputCleanup)" [_thread_blocked, id=20156, stack(0x00000032c2500000,0x00000032c2600000)]
  0x00000188609f63a0 JavaThread "Unconstrained build operations" [_thread_blocked, id=2608, stack(0x00000032c2b00000,0x00000032c2c00000)]
  0x00000188609f2510 JavaThread "Unconstrained build operations Thread 2" [_thread_blocked, id=19476, stack(0x00000032c2c00000,0x00000032c2d00000)]
  0x000001885f28d3c0 JavaThread "Unconstrained build operations Thread 3" [_thread_blocked, id=8916, stack(0x00000032c2f00000,0x00000032c3000000)]
  0x000001885f292590 JavaThread "Unconstrained build operations Thread 4" [_thread_blocked, id=17104, stack(0x00000032c3000000,0x00000032c3100000)]
  0x000001885f28d890 JavaThread "Unconstrained build operations Thread 5" [_thread_blocked, id=6764, stack(0x00000032c3100000,0x00000032c3200000)]
  0x000001885f294740 JavaThread "Unconstrained build operations Thread 6" [_thread_blocked, id=20092, stack(0x00000032c3200000,0x00000032c3300000)]
  0x000001885f28dd60 JavaThread "Unconstrained build operations Thread 7" [_thread_blocked, id=17552, stack(0x00000032c3300000,0x00000032c3400000)]
  0x000001885f28e230 JavaThread "Unconstrained build operations Thread 8" [_thread_blocked, id=17488, stack(0x00000032c3400000,0x00000032c3500000)]
  0x000001885f28f0a0 JavaThread "Unconstrained build operations Thread 9" [_thread_blocked, id=4312, stack(0x00000032c3500000,0x00000032c3600000)]
  0x000001885f292f30 JavaThread "Unconstrained build operations Thread 10" [_thread_blocked, id=14752, stack(0x00000032c3600000,0x00000032c3700000)]
  0x000001885f28f570 JavaThread "Unconstrained build operations Thread 11" [_thread_blocked, id=16196, stack(0x00000032c3700000,0x00000032c3800000)]
  0x000001885f2920c0 JavaThread "Unconstrained build operations Thread 12" [_thread_blocked, id=17196, stack(0x00000032c3800000,0x00000032c3900000)]
  0x000001885f28fa40 JavaThread "Unconstrained build operations Thread 13" [_thread_blocked, id=11012, stack(0x00000032c3900000,0x00000032c3a00000)]
  0x000001885f28ff10 JavaThread "Unconstrained build operations Thread 14" [_thread_blocked, id=16336, stack(0x00000032c3a00000,0x00000032c3b00000)]
  0x000001885deb1070 JavaThread "Unconstrained build operations Thread 15" [_thread_blocked, id=18164, stack(0x00000032c3b00000,0x00000032c3c00000)]
  0x000001885deae520 JavaThread "Unconstrained build operations Thread 16" [_thread_blocked, id=6704, stack(0x00000032c3c00000,0x00000032c3d00000)]
  0x000001885deb0200 JavaThread "Unconstrained build operations Thread 17" [_thread_blocked, id=6384, stack(0x00000032c3d00000,0x00000032c3e00000)]
  0x000001885deb1540 JavaThread "Unconstrained build operations Thread 18" [_thread_blocked, id=16964, stack(0x00000032c3e00000,0x00000032c3f00000)]
  0x000001885deb06d0 JavaThread "Unconstrained build operations Thread 19" [_thread_blocked, id=3636, stack(0x00000032c3f00000,0x00000032c4000000)]
  0x000001885deae9f0 JavaThread "Unconstrained build operations Thread 20" [_thread_blocked, id=7540, stack(0x00000032c4000000,0x00000032c4100000)]
  0x000001886154b530 JavaThread "Unconstrained build operations Thread 21" [_thread_blocked, id=984, stack(0x00000032c4100000,0x00000032c4200000)]
  0x000001886154fd60 JavaThread "Unconstrained build operations Thread 22" [_thread_blocked, id=13304, stack(0x00000032c4200000,0x00000032c4300000)]
  0x000001886154f3c0 JavaThread "Unconstrained build operations Thread 23" [_thread_blocked, id=12540, stack(0x00000032c4300000,0x00000032c4400000)]
  0x000001886154bed0 JavaThread "Unconstrained build operations Thread 24" [_thread_blocked, id=17736, stack(0x00000032c4400000,0x00000032c4500000)]
  0x000001886154eef0 JavaThread "Unconstrained build operations Thread 25" [_thread_blocked, id=16960, stack(0x00000032c4500000,0x00000032c4600000)]
  0x000001886154c3a0 JavaThread "Unconstrained build operations Thread 26" [_thread_blocked, id=16488, stack(0x00000032c4600000,0x00000032c4700000)]
  0x0000018861550700 JavaThread "Unconstrained build operations Thread 27" [_thread_blocked, id=10564, stack(0x00000032c4700000,0x00000032c4800000)]
  0x000001886154ba00 JavaThread "Unconstrained build operations Thread 28" [_thread_blocked, id=13824, stack(0x00000032c4800000,0x00000032c4900000)]
  0x000001886154f890 JavaThread "Unconstrained build operations Thread 29" [_thread_blocked, id=17628, stack(0x00000032c4900000,0x00000032c4a00000)]
  0x0000018861550230 JavaThread "Unconstrained build operations Thread 30" [_thread_blocked, id=6320, stack(0x00000032c4a00000,0x00000032c4b00000)]
  0x000001886154c870 JavaThread "Unconstrained build operations Thread 31" [_thread_blocked, id=19596, stack(0x00000032c4b00000,0x00000032c4c00000)]
  0x000001886154d210 JavaThread "Unconstrained build operations Thread 32" [_thread_blocked, id=14644, stack(0x00000032c4c00000,0x00000032c4d00000)]
  0x000001886154d6e0 JavaThread "Unconstrained build operations Thread 33" [_thread_blocked, id=12992, stack(0x00000032c4d00000,0x00000032c4e00000)]
  0x000001886154cd40 JavaThread "Unconstrained build operations Thread 34" [_thread_blocked, id=15972, stack(0x00000032c4e00000,0x00000032c4f00000)]
  0x000001886154dbb0 JavaThread "Unconstrained build operations Thread 35" [_thread_blocked, id=9496, stack(0x00000032c4f00000,0x00000032c5000000)]
  0x0000018861550bd0 JavaThread "Unconstrained build operations Thread 36" [_thread_blocked, id=11372, stack(0x00000032c5000000,0x00000032c5100000)]
  0x000001886154ea20 JavaThread "Unconstrained build operations Thread 37" [_thread_blocked, id=18352, stack(0x00000032c5100000,0x00000032c5200000)]
  0x0000018861551a40 JavaThread "Unconstrained build operations Thread 38" [_thread_blocked, id=15404, stack(0x00000032c5200000,0x00000032c5300000)]
  0x00000188615510a0 JavaThread "Unconstrained build operations Thread 39" [_thread_blocked, id=17752, stack(0x00000032c5300000,0x00000032c5400000)]
  0x000001886154e550 JavaThread "Unconstrained build operations Thread 40" [_thread_blocked, id=19812, stack(0x00000032c5400000,0x00000032c5500000)]
  0x0000018861551570 JavaThread "build event listener" [_thread_blocked, id=17416, stack(0x00000032c5500000,0x00000032c5600000)]
  0x000001886154e080 JavaThread "pool-6-thread-1" [_thread_blocked, id=16632, stack(0x00000032c5600000,0x00000032c5700000)]
  0x00000188615528b0 JavaThread "build event listener" [_thread_blocked, id=10972, stack(0x00000032c5700000,0x00000032c5800000)]
  0x000001886154b060 JavaThread "included builds" [_thread_blocked, id=15408, stack(0x00000032c5800000,0x00000032c5900000)]
  0x0000018860ad2a70 JavaThread "Execution worker" [_thread_blocked, id=17828, stack(0x00000032c5a00000,0x00000032c5b00000)]
  0x0000018860acff20 JavaThread "Execution worker Thread 2" [_thread_blocked, id=2360, stack(0x00000032c5b00000,0x00000032c5c00000)]
  0x0000018860ad2f40 JavaThread "Execution worker Thread 3" [_thread_blocked, id=14828, stack(0x00000032c5c00000,0x00000032c5d00000)]
  0x0000018860ad55c0 JavaThread "Cache worker for execution history cache (C:\Users\Besitzer\AndroidStudioProjects\intent\.gradle\8.0\executionHistory)" [_thread_blocked, id=19008, stack(0x00000032c5e00000,0x00000032c5f00000)]

Other Threads:
=>0x000001885bacd7c0 VMThread "VM Thread" [stack: 0x00000032c0200000,0x00000032c0300000] [id=17688]
  0x000001885c6738d0 WatcherThread [stack: 0x00000032c0e00000,0x00000032c0f00000] [id=18768]
  0x00000188425981f0 GCTaskThread "GC Thread#0" [stack: 0x00000032bfd00000,0x00000032bfe00000] [id=19800]
  0x000001885c8fecf0 GCTaskThread "GC Thread#1" [stack: 0x00000032c0f00000,0x00000032c1000000] [id=736]
  0x000001885c8e6f70 GCTaskThread "GC Thread#2" [stack: 0x00000032c1000000,0x00000032c1100000] [id=2676]
  0x000001885ca082e0 GCTaskThread "GC Thread#3" [stack: 0x00000032c1100000,0x00000032c1200000] [id=18764]
  0x00000188425a9040 ConcurrentGCThread "G1 Main Marker" [stack: 0x00000032bfe00000,0x00000032bff00000] [id=19292]
  0x00000188425aa100 ConcurrentGCThread "G1 Conc#0" [stack: 0x00000032bff00000,0x00000032c0000000] [id=2844]
  0x00000188425e7910 ConcurrentGCThread "G1 Refine#0" [stack: 0x00000032c0000000,0x00000032c0100000] [id=3060]
  0x0000018863569570 ConcurrentGCThread "G1 Refine#1" [stack: 0x00000032c5d00000,0x00000032c5e00000] [id=4424]
  0x00000188425e9250 ConcurrentGCThread "G1 Service" [stack: 0x00000032c0100000,0x00000032c0200000] [id=14740]

Threads with active compile tasks:
C2 CompilerThread0   456309 14670       4       org.gradle.api.internal.artifacts.result.DefaultResolutionResult::eachElement (92 bytes)
C1 CompilerThread0   456309 14683       3       java.io.ObjectOutputStream::<init> (99 bytes)

VM state: at safepoint (normal execution)

VM Mutex/Monitor currently owned by a thread:  ([mutex/lock_event])
[0x00000188425297b0] Threads_lock - owner thread: 0x000001885bacd7c0
[0x0000018842529840] Heap_lock - owner thread: 0x0000018861551570

Heap address: 0x0000000080000000, size: 2048 MB, Compressed Oops mode: 32-bit

CDS archive(s) not mapped
Compressed class space mapped at: 0x0000000100000000-0x0000000140000000, reserved size: 1073741824
Narrow klass base: 0x0000000000000000, Narrow klass shift: 3, Narrow klass range: 0x140000000

GC Precious Log:
 CPUs: 4 total, 4 available
 Memory: 3793M
 Large Page Support: Disabled
 NUMA Support: Disabled
 Compressed Oops: Enabled (32-bit)
 Heap Region Size: 1M
 Heap Min Capacity: 8M
 Heap Initial Capacity: 60M
 Heap Max Capacity: 2G
 Pre-touch: Disabled
 Parallel Workers: 4
 Concurrent Workers: 1
 Concurrent Refinement Workers: 4
 Periodic GC: Disabled

Heap:
 garbage-first heap   total 309248K, used 113032K [0x0000000080000000, 0x0000000100000000)
  region size 1024K, 2 young (2048K), 2 survivors (2048K)
 Metaspace       used 112158K, committed 112896K, reserved 1146880K
  class space    used 14812K, committed 15168K, reserved 1048576K

Heap Regions: E=young(eden), S=young(survivor), O=old, HS=humongous(starts), HC=humongous(continues), CS=collection set, F=free, OA=open archive, CA=closed archive, TAMS=top-at-mark-start (previous, next)
|   0|0x0000000080000000, 0x0000000080100000, 0x0000000080100000|100%| O|  |TAMS 0x0000000080100000, 0x0000000080000000| Untracked 
|   1|0x0000000080100000, 0x0000000080200000, 0x0000000080200000|100%| O|  |TAMS 0x0000000080200000, 0x0000000080100000| Untracked 
|   2|0x0000000080200000, 0x0000000080300000, 0x0000000080300000|100%|HS|  |TAMS 0x0000000080300000, 0x0000000080200000| Complete 
|   3|0x0000000080300000, 0x0000000080400000, 0x0000000080400000|100%|HC|  |TAMS 0x0000000080400000, 0x0000000080300000| Complete 
|   4|0x0000000080400000, 0x0000000080500000, 0x0000000080500000|100%|HC|  |TAMS 0x0000000080500000, 0x0000000080400000| Complete 
|   5|0x0000000080500000, 0x0000000080600000, 0x0000000080600000|100%|HC|  |TAMS 0x0000000080600000, 0x0000000080500000| Complete 
|   6|0x0000000080600000, 0x0000000080700000, 0x0000000080700000|100%| O|  |TAMS 0x0000000080700000, 0x0000000080600000| Untracked 
|   7|0x0000000080700000, 0x0000000080800000, 0x0000000080800000|100%| O|  |TAMS 0x0000000080800000, 0x0000000080700000| Untracked 
|   8|0x0000000080800000, 0x0000000080900000, 0x0000000080900000|100%| O|  |TAMS 0x0000000080900000, 0x0000000080800000| Untracked 
|   9|0x0000000080900000, 0x0000000080a00000, 0x0000000080a00000|100%| O|  |TAMS 0x0000000080a00000, 0x0000000080900000| Untracked 
|  10|0x0000000080a00000, 0x0000000080b00000, 0x0000000080b00000|100%| O|  |TAMS 0x0000000080b00000, 0x0000000080a00000| Untracked 
|  11|0x0000000080b00000, 0x0000000080c00000, 0x0000000080c00000|100%| O|  |TAMS 0x0000000080c00000, 0x0000000080b00000| Untracked 
|  12|0x0000000080c00000, 0x0000000080d00000, 0x0000000080d00000|100%| O|  |TAMS 0x0000000080d00000, 0x0000000080c00000| Untracked 
|  13|0x0000000080d00000, 0x0000000080e00000, 0x0000000080e00000|100%| O|  |TAMS 0x0000000080e00000, 0x0000000080d00000| Untracked 
|  14|0x0000000080e00000, 0x0000000080f00000, 0x0000000080f00000|100%| O|  |TAMS 0x0000000080f00000, 0x0000000080e00000| Untracked 
|  15|0x0000000080f00000, 0x0000000081000000, 0x0000000081000000|100%| O|  |TAMS 0x0000000081000000, 0x0000000080f00000| Untracked 
|  16|0x0000000081000000, 0x0000000081100000, 0x0000000081100000|100%| O|  |TAMS 0x0000000081100000, 0x0000000081000000| Untracked 
|  17|0x0000000081100000, 0x0000000081200000, 0x0000000081200000|100%| O|  |TAMS 0x0000000081200000, 0x0000000081100000| Untracked 
|  18|0x0000000081200000, 0x0000000081300000, 0x0000000081300000|100%| O|  |TAMS 0x0000000081300000, 0x0000000081200000| Untracked 
|  19|0x0000000081300000, 0x0000000081400000, 0x0000000081400000|100%| O|  |TAMS 0x0000000081400000, 0x0000000081300000| Untracked 
|  20|0x0000000081400000, 0x0000000081500000, 0x0000000081500000|100%| O|  |TAMS 0x0000000081500000, 0x0000000081400000| Untracked 
|  21|0x0000000081500000, 0x0000000081600000, 0x0000000081600000|100%| O|  |TAMS 0x0000000081600000, 0x0000000081500000| Untracked 
|  22|0x0000000081600000, 0x0000000081700000, 0x0000000081700000|100%| O|  |TAMS 0x0000000081601600, 0x0000000081600000| Untracked 
|  23|0x0000000081700000, 0x0000000081800000, 0x0000000081800000|100%| O|  |TAMS 0x0000000081800000, 0x0000000081700000| Untracked 
|  24|0x0000000081800000, 0x0000000081900000, 0x0000000081900000|100%| O|  |TAMS 0x0000000081900000, 0x0000000081800000| Untracked 
|  25|0x0000000081900000, 0x0000000081a00000, 0x0000000081a00000|100%| O|  |TAMS 0x0000000081900000, 0x0000000081900000| Untracked 
|  26|0x0000000081a00000, 0x0000000081b00000, 0x0000000081b00000|100%| O|  |TAMS 0x0000000081b00000, 0x0000000081a00000| Untracked 
|  27|0x0000000081b00000, 0x0000000081c00000, 0x0000000081c00000|100%| O|  |TAMS 0x0000000081c00000, 0x0000000081b00000| Untracked 
|  28|0x0000000081c00000, 0x0000000081d00000, 0x0000000081d00000|100%| O|  |TAMS 0x0000000081d00000, 0x0000000081c00000| Untracked 
|  29|0x0000000081d00000, 0x0000000081e00000, 0x0000000081e00000|100%| O|  |TAMS 0x0000000081e00000, 0x0000000081d00000| Untracked 
|  30|0x0000000081e00000, 0x0000000081f00000, 0x0000000081f00000|100%| O|  |TAMS 0x0000000081f00000, 0x0000000081e00000| Untracked 
|  31|0x0000000081f00000, 0x0000000082000000, 0x0000000082000000|100%| O|  |TAMS 0x0000000082000000, 0x0000000081f00000| Untracked 
|  32|0x0000000082000000, 0x0000000082100000, 0x0000000082100000|100%| O|  |TAMS 0x0000000082100000, 0x0000000082000000| Untracked 
|  33|0x0000000082100000, 0x0000000082200000, 0x0000000082200000|100%| O|  |TAMS 0x0000000082200000, 0x0000000082100000| Untracked 
|  34|0x0000000082200000, 0x0000000082300000, 0x0000000082300000|100%| O|  |TAMS 0x0000000082300000, 0x0000000082200000| Untracked 
|  35|0x0000000082300000, 0x0000000082400000, 0x0000000082400000|100%| O|  |TAMS 0x0000000082400000, 0x0000000082300000| Untracked 
|  36|0x0000000082400000, 0x0000000082500000, 0x0000000082500000|100%| O|  |TAMS 0x0000000082400000, 0x0000000082400000| Untracked 
|  37|0x0000000082500000, 0x0000000082600000, 0x0000000082600000|100%| O|  |TAMS 0x0000000082600000, 0x0000000082500000| Untracked 
|  38|0x0000000082600000, 0x0000000082700000, 0x0000000082700000|100%| O|  |TAMS 0x0000000082700000, 0x0000000082600000| Untracked 
|  39|0x0000000082700000, 0x0000000082800000, 0x0000000082800000|100%| O|  |TAMS 0x0000000082800000, 0x0000000082700000| Untracked 
|  40|0x0000000082800000, 0x0000000082900000, 0x0000000082900000|100%|HS|  |TAMS 0x0000000082900000, 0x0000000082800000| Complete 
|  41|0x0000000082900000, 0x0000000082a00000, 0x0000000082a00000|100%|HS|  |TAMS 0x0000000082a00000, 0x0000000082900000| Complete 
|  42|0x0000000082a00000, 0x0000000082b00000, 0x0000000082b00000|100%|HC|  |TAMS 0x0000000082b00000, 0x0000000082a00000| Complete 
|  43|0x0000000082b00000, 0x0000000082c00000, 0x0000000082c00000|100%|HS|  |TAMS 0x0000000082c00000, 0x0000000082b00000| Complete 
|  44|0x0000000082c00000, 0x0000000082d00000, 0x0000000082d00000|100%|HS|  |TAMS 0x0000000082d00000, 0x0000000082c00000| Complete 
|  45|0x0000000082d00000, 0x0000000082e00000, 0x0000000082e00000|100%|HC|  |TAMS 0x0000000082e00000, 0x0000000082d00000| Complete 
|  46|0x0000000082e00000, 0x0000000082f00000, 0x0000000082f00000|100%|HC|  |TAMS 0x0000000082f00000, 0x0000000082e00000| Complete 
|  47|0x0000000082f00000, 0x0000000083000000, 0x0000000083000000|100%|HC|  |TAMS 0x0000000083000000, 0x0000000082f00000| Complete 
|  48|0x0000000083000000, 0x0000000083100000, 0x0000000083100000|100%| O|  |TAMS 0x0000000083100000, 0x0000000083000000| Untracked 
|  49|0x0000000083100000, 0x0000000083200000, 0x0000000083200000|100%| O|  |TAMS 0x0000000083200000, 0x0000000083100000| Untracked 
|  50|0x0000000083200000, 0x0000000083300000, 0x0000000083300000|100%| O|  |TAMS 0x0000000083300000, 0x0000000083200000| Untracked 
|  51|0x0000000083300000, 0x0000000083400000, 0x0000000083400000|100%| O|  |TAMS 0x0000000083400000, 0x0000000083300000| Untracked 
|  52|0x0000000083400000, 0x0000000083500000, 0x0000000083500000|100%| O|  |TAMS 0x0000000083500000, 0x0000000083400000| Untracked 
|  53|0x0000000083500000, 0x0000000083600000, 0x0000000083600000|100%| O|  |TAMS 0x0000000083600000, 0x0000000083500000| Untracked 
|  54|0x0000000083600000, 0x0000000083700000, 0x0000000083700000|100%| O|  |TAMS 0x0000000083600000, 0x0000000083600000| Untracked 
|  55|0x0000000083700000, 0x0000000083800000, 0x0000000083800000|100%| O|  |TAMS 0x0000000083700000, 0x0000000083700000| Untracked 
|  56|0x0000000083800000, 0x0000000083900000, 0x0000000083900000|100%| O|  |TAMS 0x0000000083800000, 0x0000000083800000| Untracked 
|  57|0x0000000083900000, 0x0000000083a00000, 0x0000000083a00000|100%| O|  |TAMS 0x0000000083a00000, 0x0000000083900000| Untracked 
|  58|0x0000000083a00000, 0x0000000083b00000, 0x0000000083b00000|100%| O|  |TAMS 0x0000000083b00000, 0x0000000083a00000| Untracked 
|  59|0x0000000083b00000, 0x0000000083c00000, 0x0000000083c00000|100%| O|  |TAMS 0x0000000083c00000, 0x0000000083b00000| Untracked 
|  60|0x0000000083c00000, 0x0000000083d00000, 0x0000000083d00000|100%| O|  |TAMS 0x0000000083c00000, 0x0000000083c00000| Untracked 
|  61|0x0000000083d00000, 0x0000000083e00000, 0x0000000083e00000|100%| O|  |TAMS 0x0000000083d00000, 0x0000000083d00000| Untracked 
|  62|0x0000000083e00000, 0x0000000083f00000, 0x0000000083f00000|100%| O|  |TAMS 0x0000000083e00000, 0x0000000083e00000| Untracked 
|  63|0x0000000083f00000, 0x0000000084000000, 0x0000000084000000|100%| O|  |TAMS 0x0000000083f00000, 0x0000000083f00000| Untracked 
|  64|0x0000000084000000, 0x0000000084100000, 0x0000000084100000|100%| O|  |TAMS 0x0000000084000000, 0x0000000084000000| Untracked 
|  65|0x0000000084100000, 0x0000000084200000, 0x0000000084200000|100%| O|  |TAMS 0x0000000084100000, 0x0000000084100000| Untracked 
|  66|0x0000000084200000, 0x0000000084300000, 0x0000000084300000|100%| O|  |TAMS 0x0000000084200000, 0x0000000084200000| Untracked 
|  67|0x0000000084300000, 0x0000000084400000, 0x0000000084400000|100%| O|  |TAMS 0x0000000084300000, 0x0000000084300000| Untracked 
|  68|0x0000000084400000, 0x0000000084500000, 0x0000000084500000|100%| O|  |TAMS 0x0000000084400000, 0x0000000084400000| Untracked 
|  69|0x0000000084500000, 0x0000000084600000, 0x0000000084600000|100%| O|  |TAMS 0x0000000084500000, 0x0000000084500000| Untracked 
|  70|0x0000000084600000, 0x0000000084700000, 0x0000000084700000|100%| O|  |TAMS 0x0000000084600000, 0x0000000084600000| Untracked 
|  71|0x0000000084700000, 0x0000000084800000, 0x0000000084800000|100%| O|  |TAMS 0x0000000084700000, 0x0000000084700000| Untracked 
|  72|0x0000000084800000, 0x0000000084900000, 0x0000000084900000|100%| O|  |TAMS 0x0000000084800000, 0x0000000084800000| Untracked 
|  73|0x0000000084900000, 0x0000000084a00000, 0x0000000084a00000|100%| O|  |TAMS 0x0000000084900000, 0x0000000084900000| Untracked 
|  74|0x0000000084a00000, 0x0000000084b00000, 0x0000000084b00000|100%| O|  |TAMS 0x0000000084a00000, 0x0000000084a00000| Untracked 
|  75|0x0000000084b00000, 0x0000000084c00000, 0x0000000084c00000|100%| O|  |TAMS 0x0000000084b00000, 0x0000000084b00000| Untracked 
|  76|0x0000000084c00000, 0x0000000084d00000, 0x0000000084d00000|100%| O|  |TAMS 0x0000000084c00000, 0x0000000084c00000| Untracked 
|  77|0x0000000084d00000, 0x0000000084e00000, 0x0000000084e00000|100%| O|  |TAMS 0x0000000084d00000, 0x0000000084d00000| Untracked 
|  78|0x0000000084e00000, 0x0000000084f00000, 0x0000000084f00000|100%| O|  |TAMS 0x0000000084e00000, 0x0000000084e00000| Untracked 
|  79|0x0000000084f00000, 0x0000000085000000, 0x0000000085000000|100%| O|  |TAMS 0x0000000084f00000, 0x0000000084f00000| Untracked 
|  80|0x0000000085000000, 0x0000000085100000, 0x0000000085100000|100%| O|  |TAMS 0x0000000085000000, 0x0000000085000000| Untracked 
|  81|0x0000000085100000, 0x0000000085200000, 0x0000000085200000|100%| O|  |TAMS 0x0000000085100000, 0x0000000085100000| Untracked 
|  82|0x0000000085200000, 0x0000000085300000, 0x0000000085300000|100%| O|  |TAMS 0x0000000085200000, 0x0000000085200000| Untracked 
|  83|0x0000000085300000, 0x0000000085400000, 0x0000000085400000|100%| O|  |TAMS 0x0000000085300000, 0x0000000085300000| Untracked 
|  84|0x0000000085400000, 0x0000000085500000, 0x0000000085500000|100%| O|  |TAMS 0x0000000085400000, 0x0000000085400000| Untracked 
|  85|0x0000000085500000, 0x0000000085600000, 0x0000000085600000|100%| O|  |TAMS 0x0000000085500000, 0x0000000085500000| Untracked 
|  86|0x0000000085600000, 0x0000000085700000, 0x0000000085700000|100%| O|  |TAMS 0x0000000085600000, 0x0000000085600000| Untracked 
|  87|0x0000000085700000, 0x0000000085800000, 0x0000000085800000|100%| O|  |TAMS 0x0000000085700000, 0x0000000085700000| Untracked 
|  88|0x0000000085800000, 0x0000000085900000, 0x0000000085900000|100%| O|  |TAMS 0x0000000085800000, 0x0000000085800000| Untracked 
|  89|0x0000000085900000, 0x0000000085a00000, 0x0000000085a00000|100%| O|  |TAMS 0x0000000085900000, 0x0000000085900000| Untracked 
|  90|0x0000000085a00000, 0x0000000085b00000, 0x0000000085b00000|100%| O|  |TAMS 0x0000000085a00000, 0x0000000085a00000| Untracked 
|  91|0x0000000085b00000, 0x0000000085c00000, 0x0000000085c00000|100%| O|  |TAMS 0x0000000085b00000, 0x0000000085b00000| Untracked 
|  92|0x0000000085c00000, 0x0000000085d00000, 0x0000000085d00000|100%| O|  |TAMS 0x0000000085c00000, 0x0000000085c00000| Untracked 
|  93|0x0000000085d00000, 0x0000000085e00000, 0x0000000085e00000|100%| O|  |TAMS 0x0000000085d00000, 0x0000000085d00000| Untracked 
|  94|0x0000000085e00000, 0x0000000085f00000, 0x0000000085f00000|100%| O|  |TAMS 0x0000000085e00000, 0x0000000085e00000| Untracked 
|  95|0x0000000085f00000, 0x0000000086000000, 0x0000000086000000|100%| O|  |TAMS 0x0000000085f00000, 0x0000000085f00000| Untracked 
|  96|0x0000000086000000, 0x0000000086100000, 0x0000000086100000|100%| O|  |TAMS 0x0000000086000000, 0x0000000086000000| Untracked 
|  97|0x0000000086100000, 0x0000000086200000, 0x0000000086200000|100%| O|  |TAMS 0x0000000086100000, 0x0000000086100000| Untracked 
|  98|0x0000000086200000, 0x0000000086300000, 0x0000000086300000|100%| O|  |TAMS 0x0000000086200000, 0x0000000086200000| Untracked 
|  99|0x0000000086300000, 0x0000000086400000, 0x0000000086400000|100%| O|  |TAMS 0x0000000086300000, 0x0000000086300000| Untracked 
| 100|0x0000000086400000, 0x0000000086500000, 0x0000000086500000|100%| O|  |TAMS 0x0000000086400000, 0x0000000086400000| Untracked 
| 101|0x0000000086500000, 0x0000000086600000, 0x0000000086600000|100%| O|  |TAMS 0x0000000086500000, 0x0000000086500000| Untracked 
| 102|0x0000000086600000, 0x0000000086700000, 0x0000000086700000|100%| O|  |TAMS 0x0000000086600000, 0x0000000086600000| Untracked 
| 103|0x0000000086700000, 0x0000000086800000, 0x0000000086800000|100%| O|  |TAMS 0x0000000086700000, 0x0000000086700000| Untracked 
| 104|0x0000000086800000, 0x0000000086900000, 0x0000000086900000|100%| O|  |TAMS 0x0000000086800000, 0x0000000086800000| Untracked 
| 105|0x0000000086900000, 0x0000000086a00000, 0x0000000086a00000|100%| O|  |TAMS 0x0000000086900000, 0x0000000086900000| Untracked 
| 106|0x0000000086a00000, 0x0000000086b00000, 0x0000000086b00000|100%| O|  |TAMS 0x0000000086a00000, 0x0000000086a00000| Untracked 
| 107|0x0000000086b00000, 0x0000000086c00000, 0x0000000086c00000|100%| O|  |TAMS 0x0000000086b00000, 0x0000000086b00000| Untracked 
| 108|0x0000000086c00000, 0x0000000086c62000, 0x0000000086d00000| 38%| O|  |TAMS 0x0000000086c00000, 0x0000000086c00000| Untracked 
| 109|0x0000000086d00000, 0x0000000086d00000, 0x0000000086e00000|  0%| F|  |TAMS 0x0000000086d00000, 0x0000000086d00000| Untracked 
| 110|0x0000000086e00000, 0x0000000086e00000, 0x0000000086f00000|  0%| F|  |TAMS 0x0000000086e00000, 0x0000000086e00000| Untracked 
| 111|0x0000000086f00000, 0x0000000086f00000, 0x0000000087000000|  0%| F|  |TAMS 0x0000000086f00000, 0x0000000086f00000| Untracked 
| 112|0x0000000087000000, 0x0000000087000000, 0x0000000087100000|  0%| F|  |TAMS 0x0000000087000000, 0x0000000087000000| Untracked 
| 113|0x0000000087100000, 0x0000000087100000, 0x0000000087200000|  0%| F|  |TAMS 0x0000000087100000, 0x0000000087100000| Untracked 
| 114|0x0000000087200000, 0x0000000087200000, 0x0000000087300000|  0%| F|  |TAMS 0x0000000087200000, 0x0000000087200000| Untracked 
| 115|0x0000000087300000, 0x0000000087300000, 0x0000000087400000|  0%| F|  |TAMS 0x0000000087300000, 0x0000000087300000| Untracked 
| 116|0x0000000087400000, 0x0000000087400000, 0x0000000087500000|  0%| F|  |TAMS 0x0000000087400000, 0x0000000087400000| Untracked 
| 117|0x0000000087500000, 0x0000000087500000, 0x0000000087600000|  0%| F|  |TAMS 0x0000000087500000, 0x0000000087500000| Untracked 
| 118|0x0000000087600000, 0x0000000087600000, 0x0000000087700000|  0%| F|  |TAMS 0x0000000087600000, 0x0000000087600000| Untracked 
| 119|0x0000000087700000, 0x0000000087700000, 0x0000000087800000|  0%| F|  |TAMS 0x0000000087700000, 0x0000000087700000| Untracked 
| 120|0x0000000087800000, 0x0000000087800000, 0x0000000087900000|  0%| F|  |TAMS 0x0000000087800000, 0x0000000087800000| Untracked 
| 121|0x0000000087900000, 0x0000000087900000, 0x0000000087a00000|  0%| F|  |TAMS 0x0000000087900000, 0x0000000087900000| Untracked 
| 122|0x0000000087a00000, 0x0000000087a00000, 0x0000000087b00000|  0%| F|  |TAMS 0x0000000087a00000, 0x0000000087a00000| Untracked 
| 123|0x0000000087b00000, 0x0000000087b00000, 0x0000000087c00000|  0%| F|  |TAMS 0x0000000087b00000, 0x0000000087b00000| Untracked 
| 124|0x0000000087c00000, 0x0000000087c00000, 0x0000000087d00000|  0%| F|  |TAMS 0x0000000087c00000, 0x0000000087c00000| Untracked 
| 125|0x0000000087d00000, 0x0000000087d00000, 0x0000000087e00000|  0%| F|  |TAMS 0x0000000087d00000, 0x0000000087d00000| Untracked 
| 126|0x0000000087e00000, 0x0000000087e00000, 0x0000000087f00000|  0%| F|  |TAMS 0x0000000087e00000, 0x0000000087e00000| Untracked 
| 127|0x0000000087f00000, 0x0000000087f00000, 0x0000000088000000|  0%| F|  |TAMS 0x0000000087f00000, 0x0000000087f00000| Untracked 
| 128|0x0000000088000000, 0x0000000088000000, 0x0000000088100000|  0%| F|  |TAMS 0x0000000088000000, 0x0000000088000000| Untracked 
| 129|0x0000000088100000, 0x0000000088100000, 0x0000000088200000|  0%| F|  |TAMS 0x0000000088100000, 0x0000000088100000| Untracked 
| 130|0x0000000088200000, 0x0000000088200000, 0x0000000088300000|  0%| F|  |TAMS 0x0000000088200000, 0x0000000088200000| Untracked 
| 131|0x0000000088300000, 0x0000000088300000, 0x0000000088400000|  0%| F|  |TAMS 0x0000000088300000, 0x0000000088300000| Untracked 
| 132|0x0000000088400000, 0x0000000088400000, 0x0000000088500000|  0%| F|  |TAMS 0x0000000088400000, 0x0000000088400000| Untracked 
| 133|0x0000000088500000, 0x0000000088500000, 0x0000000088600000|  0%| F|  |TAMS 0x0000000088500000, 0x0000000088500000| Untracked 
| 134|0x0000000088600000, 0x0000000088600000, 0x0000000088700000|  0%| F|  |TAMS 0x0000000088600000, 0x0000000088600000| Untracked 
| 135|0x0000000088700000, 0x0000000088700000, 0x0000000088800000|  0%| F|  |TAMS 0x0000000088700000, 0x0000000088700000| Untracked 
| 136|0x0000000088800000, 0x0000000088800000, 0x0000000088900000|  0%| F|  |TAMS 0x0000000088800000, 0x0000000088800000| Untracked 
| 137|0x0000000088900000, 0x0000000088900000, 0x0000000088a00000|  0%| F|  |TAMS 0x0000000088900000, 0x0000000088900000| Untracked 
| 138|0x0000000088a00000, 0x0000000088a00000, 0x0000000088b00000|  0%| F|  |TAMS 0x0000000088a00000, 0x0000000088a00000| Untracked 
| 139|0x0000000088b00000, 0x0000000088b00000, 0x0000000088c00000|  0%| F|  |TAMS 0x0000000088b00000, 0x0000000088b00000| Untracked 
| 140|0x0000000088c00000, 0x0000000088c00000, 0x0000000088d00000|  0%| F|  |TAMS 0x0000000088c00000, 0x0000000088c00000| Untracked 
| 141|0x0000000088d00000, 0x0000000088d00000, 0x0000000088e00000|  0%| F|  |TAMS 0x0000000088d00000, 0x0000000088d00000| Untracked 
| 142|0x0000000088e00000, 0x0000000088e00000, 0x0000000088f00000|  0%| F|  |TAMS 0x0000000088e00000, 0x0000000088e00000| Untracked 
| 143|0x0000000088f00000, 0x0000000088f00000, 0x0000000089000000|  0%| F|  |TAMS 0x0000000088f00000, 0x0000000088f00000| Untracked 
| 144|0x0000000089000000, 0x0000000089000000, 0x0000000089100000|  0%| F|  |TAMS 0x0000000089000000, 0x0000000089000000| Untracked 
| 145|0x0000000089100000, 0x0000000089100000, 0x0000000089200000|  0%| F|  |TAMS 0x0000000089100000, 0x0000000089100000| Untracked 
| 146|0x0000000089200000, 0x0000000089200000, 0x0000000089300000|  0%| F|  |TAMS 0x0000000089200000, 0x0000000089200000| Untracked 
| 147|0x0000000089300000, 0x0000000089300000, 0x0000000089400000|  0%| F|  |TAMS 0x0000000089300000, 0x0000000089300000| Untracked 
| 148|0x0000000089400000, 0x0000000089400000, 0x0000000089500000|  0%| F|  |TAMS 0x0000000089400000, 0x0000000089400000| Untracked 
| 149|0x0000000089500000, 0x0000000089500000, 0x0000000089600000|  0%| F|  |TAMS 0x0000000089500000, 0x0000000089500000| Untracked 
| 150|0x0000000089600000, 0x0000000089600000, 0x0000000089700000|  0%| F|  |TAMS 0x0000000089600000, 0x0000000089600000| Untracked 
| 151|0x0000000089700000, 0x0000000089700000, 0x0000000089800000|  0%| F|  |TAMS 0x0000000089700000, 0x0000000089700000| Untracked 
| 152|0x0000000089800000, 0x0000000089800000, 0x0000000089900000|  0%| F|  |TAMS 0x0000000089800000, 0x0000000089800000| Untracked 
| 153|0x0000000089900000, 0x0000000089900000, 0x0000000089a00000|  0%| F|  |TAMS 0x0000000089900000, 0x0000000089900000| Untracked 
| 154|0x0000000089a00000, 0x0000000089a00000, 0x0000000089b00000|  0%| F|  |TAMS 0x0000000089a00000, 0x0000000089a00000| Untracked 
| 155|0x0000000089b00000, 0x0000000089b00000, 0x0000000089c00000|  0%| F|  |TAMS 0x0000000089b00000, 0x0000000089b00000| Untracked 
| 156|0x0000000089c00000, 0x0000000089c00000, 0x0000000089d00000|  0%| F|  |TAMS 0x0000000089c00000, 0x0000000089c00000| Untracked 
| 157|0x0000000089d00000, 0x0000000089d00000, 0x0000000089e00000|  0%| F|  |TAMS 0x0000000089d00000, 0x0000000089d00000| Untracked 
| 158|0x0000000089e00000, 0x0000000089e00000, 0x0000000089f00000|  0%| F|  |TAMS 0x0000000089e00000, 0x0000000089e00000| Untracked 
| 159|0x0000000089f00000, 0x0000000089f00000, 0x000000008a000000|  0%| F|  |TAMS 0x0000000089f00000, 0x0000000089f00000| Untracked 
| 160|0x000000008a000000, 0x000000008a000000, 0x000000008a100000|  0%| F|  |TAMS 0x000000008a000000, 0x000000008a000000| Untracked 
| 161|0x000000008a100000, 0x000000008a100000, 0x000000008a200000|  0%| F|  |TAMS 0x000000008a100000, 0x000000008a100000| Untracked 
| 162|0x000000008a200000, 0x000000008a200000, 0x000000008a300000|  0%| F|  |TAMS 0x000000008a200000, 0x000000008a200000| Untracked 
| 163|0x000000008a300000, 0x000000008a300000, 0x000000008a400000|  0%| F|  |TAMS 0x000000008a300000, 0x000000008a300000| Untracked 
| 164|0x000000008a400000, 0x000000008a400000, 0x000000008a500000|  0%| F|  |TAMS 0x000000008a400000, 0x000000008a400000| Untracked 
| 165|0x000000008a500000, 0x000000008a500000, 0x000000008a600000|  0%| F|  |TAMS 0x000000008a500000, 0x000000008a500000| Untracked 
| 166|0x000000008a600000, 0x000000008a600000, 0x000000008a700000|  0%| F|  |TAMS 0x000000008a600000, 0x000000008a600000| Untracked 
| 167|0x000000008a700000, 0x000000008a700000, 0x000000008a800000|  0%| F|  |TAMS 0x000000008a700000, 0x000000008a700000| Untracked 
| 168|0x000000008a800000, 0x000000008a800000, 0x000000008a900000|  0%| F|  |TAMS 0x000000008a800000, 0x000000008a800000| Untracked 
| 169|0x000000008a900000, 0x000000008a900000, 0x000000008aa00000|  0%| F|  |TAMS 0x000000008a900000, 0x000000008a900000| Untracked 
| 170|0x000000008aa00000, 0x000000008aa00000, 0x000000008ab00000|  0%| F|  |TAMS 0x000000008aa00000, 0x000000008aa00000| Untracked 
| 171|0x000000008ab00000, 0x000000008ab00000, 0x000000008ac00000|  0%| F|  |TAMS 0x000000008ab00000, 0x000000008ab00000| Untracked 
| 172|0x000000008ac00000, 0x000000008ac00000, 0x000000008ad00000|  0%| F|  |TAMS 0x000000008ac00000, 0x000000008ac00000| Untracked 
| 173|0x000000008ad00000, 0x000000008ad00000, 0x000000008ae00000|  0%| F|  |TAMS 0x000000008ad00000, 0x000000008ad00000| Untracked 
| 174|0x000000008ae00000, 0x000000008ae00000, 0x000000008af00000|  0%| F|  |TAMS 0x000000008ae00000, 0x000000008ae00000| Untracked 
| 175|0x000000008af00000, 0x000000008af00000, 0x000000008b000000|  0%| F|  |TAMS 0x000000008af00000, 0x000000008af00000| Untracked 
| 176|0x000000008b000000, 0x000000008b000000, 0x000000008b100000|  0%| F|  |TAMS 0x000000008b000000, 0x000000008b000000| Untracked 
| 177|0x000000008b100000, 0x000000008b100000, 0x000000008b200000|  0%| F|  |TAMS 0x000000008b100000, 0x000000008b100000| Untracked 
| 178|0x000000008b200000, 0x000000008b200000, 0x000000008b300000|  0%| F|  |TAMS 0x000000008b200000, 0x000000008b200000| Untracked 
| 179|0x000000008b300000, 0x000000008b300000, 0x000000008b400000|  0%| F|  |TAMS 0x000000008b300000, 0x000000008b300000| Untracked 
| 180|0x000000008b400000, 0x000000008b400000, 0x000000008b500000|  0%| F|  |TAMS 0x000000008b400000, 0x000000008b400000| Untracked 
| 181|0x000000008b500000, 0x000000008b500000, 0x000000008b600000|  0%| F|  |TAMS 0x000000008b500000, 0x000000008b500000| Untracked 
| 182|0x000000008b600000, 0x000000008b600000, 0x000000008b700000|  0%| F|  |TAMS 0x000000008b600000, 0x000000008b600000| Untracked 
| 183|0x000000008b700000, 0x000000008b700000, 0x000000008b800000|  0%| F|  |TAMS 0x000000008b700000, 0x000000008b700000| Untracked 
| 184|0x000000008b800000, 0x000000008b800000, 0x000000008b900000|  0%| F|  |TAMS 0x000000008b800000, 0x000000008b800000| Untracked 
| 185|0x000000008b900000, 0x000000008b900000, 0x000000008ba00000|  0%| F|  |TAMS 0x000000008b900000, 0x000000008b900000| Untracked 
| 186|0x000000008ba00000, 0x000000008ba00000, 0x000000008bb00000|  0%| F|  |TAMS 0x000000008ba00000, 0x000000008ba00000| Untracked 
| 187|0x000000008bb00000, 0x000000008bb00000, 0x000000008bc00000|  0%| F|  |TAMS 0x000000008bb00000, 0x000000008bb00000| Untracked 
| 188|0x000000008bc00000, 0x000000008bc00000, 0x000000008bd00000|  0%| F|  |TAMS 0x000000008bc00000, 0x000000008bc00000| Untracked 
| 189|0x000000008bd00000, 0x000000008bd00000, 0x000000008be00000|  0%| F|  |TAMS 0x000000008bd00000, 0x000000008bd00000| Untracked 
| 190|0x000000008be00000, 0x000000008be00000, 0x000000008bf00000|  0%| F|  |TAMS 0x000000008be00000, 0x000000008be00000| Untracked 
| 191|0x000000008bf00000, 0x000000008bf00000, 0x000000008c000000|  0%| F|  |TAMS 0x000000008bf00000, 0x000000008bf00000| Untracked 
| 192|0x000000008c000000, 0x000000008c000000, 0x000000008c100000|  0%| F|  |TAMS 0x000000008c000000, 0x000000008c000000| Untracked 
| 193|0x000000008c100000, 0x000000008c100000, 0x000000008c200000|  0%| F|  |TAMS 0x000000008c100000, 0x000000008c100000| Untracked 
| 194|0x000000008c200000, 0x000000008c200000, 0x000000008c300000|  0%| F|  |TAMS 0x000000008c200000, 0x000000008c200000| Untracked 
| 195|0x000000008c300000, 0x000000008c300000, 0x000000008c400000|  0%| F|  |TAMS 0x000000008c300000, 0x000000008c300000| Untracked 
| 196|0x000000008c400000, 0x000000008c400000, 0x000000008c500000|  0%| F|  |TAMS 0x000000008c400000, 0x000000008c400000| Untracked 
| 197|0x000000008c500000, 0x000000008c500000, 0x000000008c600000|  0%| F|  |TAMS 0x000000008c500000, 0x000000008c500000| Untracked 
| 198|0x000000008c600000, 0x000000008c600000, 0x000000008c700000|  0%| F|  |TAMS 0x000000008c600000, 0x000000008c600000| Untracked 
| 199|0x000000008c700000, 0x000000008c700000, 0x000000008c800000|  0%| F|  |TAMS 0x000000008c700000, 0x000000008c700000| Untracked 
| 200|0x000000008c800000, 0x000000008c800000, 0x000000008c900000|  0%| F|  |TAMS 0x000000008c800000, 0x000000008c800000| Untracked 
| 201|0x000000008c900000, 0x000000008c900000, 0x000000008ca00000|  0%| F|  |TAMS 0x000000008c900000, 0x000000008c900000| Untracked 
| 202|0x000000008ca00000, 0x000000008ca00000, 0x000000008cb00000|  0%| F|  |TAMS 0x000000008ca00000, 0x000000008ca00000| Untracked 
| 203|0x000000008cb00000, 0x000000008cb00000, 0x000000008cc00000|  0%| F|  |TAMS 0x000000008cb00000, 0x000000008cb00000| Untracked 
| 204|0x000000008cc00000, 0x000000008cc00000, 0x000000008cd00000|  0%| F|  |TAMS 0x000000008cc00000, 0x000000008cc00000| Untracked 
| 205|0x000000008cd00000, 0x000000008cd00000, 0x000000008ce00000|  0%| F|  |TAMS 0x000000008cd00000, 0x000000008cd00000| Untracked 
| 206|0x000000008ce00000, 0x000000008ce00000, 0x000000008cf00000|  0%| F|  |TAMS 0x000000008ce00000, 0x000000008ce00000| Untracked 
| 207|0x000000008cf00000, 0x000000008cf00000, 0x000000008d000000|  0%| F|  |TAMS 0x000000008cf00000, 0x000000008cf00000| Untracked 
| 208|0x000000008d000000, 0x000000008d000000, 0x000000008d100000|  0%| F|  |TAMS 0x000000008d000000, 0x000000008d000000| Untracked 
| 209|0x000000008d100000, 0x000000008d100000, 0x000000008d200000|  0%| F|  |TAMS 0x000000008d100000, 0x000000008d100000| Untracked 
| 210|0x000000008d200000, 0x000000008d200000, 0x000000008d300000|  0%| F|  |TAMS 0x000000008d200000, 0x000000008d200000| Untracked 
| 211|0x000000008d300000, 0x000000008d300000, 0x000000008d400000|  0%| F|  |TAMS 0x000000008d300000, 0x000000008d300000| Untracked 
| 212|0x000000008d400000, 0x000000008d400000, 0x000000008d500000|  0%| F|  |TAMS 0x000000008d400000, 0x000000008d400000| Untracked 
| 213|0x000000008d500000, 0x000000008d500000, 0x000000008d600000|  0%| F|  |TAMS 0x000000008d500000, 0x000000008d500000| Untracked 
| 214|0x000000008d600000, 0x000000008d600000, 0x000000008d700000|  0%| F|  |TAMS 0x000000008d600000, 0x000000008d600000| Untracked 
| 215|0x000000008d700000, 0x000000008d700000, 0x000000008d800000|  0%| F|  |TAMS 0x000000008d700000, 0x000000008d700000| Untracked 
| 216|0x000000008d800000, 0x000000008d800000, 0x000000008d900000|  0%| F|  |TAMS 0x000000008d800000, 0x000000008d800000| Untracked 
| 217|0x000000008d900000, 0x000000008d900000, 0x000000008da00000|  0%| F|  |TAMS 0x000000008d900000, 0x000000008d900000| Untracked 
| 218|0x000000008da00000, 0x000000008da00000, 0x000000008db00000|  0%| F|  |TAMS 0x000000008da00000, 0x000000008da00000| Untracked 
| 219|0x000000008db00000, 0x000000008db00000, 0x000000008dc00000|  0%| F|  |TAMS 0x000000008db00000, 0x000000008db00000| Untracked 
| 220|0x000000008dc00000, 0x000000008dc00000, 0x000000008dd00000|  0%| F|  |TAMS 0x000000008dc00000, 0x000000008dc00000| Untracked 
| 221|0x000000008dd00000, 0x000000008dd00000, 0x000000008de00000|  0%| F|  |TAMS 0x000000008dd00000, 0x000000008dd00000| Untracked 
| 222|0x000000008de00000, 0x000000008de00000, 0x000000008df00000|  0%| F|  |TAMS 0x000000008de00000, 0x000000008de00000| Untracked 
| 223|0x000000008df00000, 0x000000008df00000, 0x000000008e000000|  0%| F|  |TAMS 0x000000008df00000, 0x000000008df00000| Untracked 
| 224|0x000000008e000000, 0x000000008e000000, 0x000000008e100000|  0%| F|  |TAMS 0x000000008e000000, 0x000000008e000000| Untracked 
| 225|0x000000008e100000, 0x000000008e100000, 0x000000008e200000|  0%| F|  |TAMS 0x000000008e100000, 0x000000008e100000| Untracked 
| 226|0x000000008e200000, 0x000000008e200000, 0x000000008e300000|  0%| F|  |TAMS 0x000000008e200000, 0x000000008e200000| Untracked 
| 227|0x000000008e300000, 0x000000008e300000, 0x000000008e400000|  0%| F|  |TAMS 0x000000008e300000, 0x000000008e300000| Untracked 
| 228|0x000000008e400000, 0x000000008e400000, 0x000000008e500000|  0%| F|  |TAMS 0x000000008e400000, 0x000000008e400000| Untracked 
| 229|0x000000008e500000, 0x000000008e500000, 0x000000008e600000|  0%| F|  |TAMS 0x000000008e500000, 0x000000008e500000| Untracked 
| 230|0x000000008e600000, 0x000000008e600000, 0x000000008e700000|  0%| F|  |TAMS 0x000000008e600000, 0x000000008e600000| Untracked 
| 231|0x000000008e700000, 0x000000008e700000, 0x000000008e800000|  0%| F|  |TAMS 0x000000008e700000, 0x000000008e700000| Untracked 
| 232|0x000000008e800000, 0x000000008e800000, 0x000000008e900000|  0%| F|  |TAMS 0x000000008e800000, 0x000000008e800000| Untracked 
| 233|0x000000008e900000, 0x000000008e900000, 0x000000008ea00000|  0%| F|  |TAMS 0x000000008e900000, 0x000000008e900000| Untracked 
| 234|0x000000008ea00000, 0x000000008ea00000, 0x000000008eb00000|  0%| F|  |TAMS 0x000000008ea00000, 0x000000008ea00000| Untracked 
| 235|0x000000008eb00000, 0x000000008eb00000, 0x000000008ec00000|  0%| F|  |TAMS 0x000000008eb00000, 0x000000008eb00000| Untracked 
| 236|0x000000008ec00000, 0x000000008ec00000, 0x000000008ed00000|  0%| F|  |TAMS 0x000000008ec00000, 0x000000008ec00000| Untracked 
| 237|0x000000008ed00000, 0x000000008ed00000, 0x000000008ee00000|  0%| F|  |TAMS 0x000000008ed00000, 0x000000008ed00000| Untracked 
| 238|0x000000008ee00000, 0x000000008ee00000, 0x000000008ef00000|  0%| F|  |TAMS 0x000000008ee00000, 0x000000008ee00000| Untracked 
| 239|0x000000008ef00000, 0x000000008ef00000, 0x000000008f000000|  0%| F|  |TAMS 0x000000008ef00000, 0x000000008ef00000| Untracked 
| 240|0x000000008f000000, 0x000000008f000000, 0x000000008f100000|  0%| F|  |TAMS 0x000000008f000000, 0x000000008f000000| Untracked 
| 241|0x000000008f100000, 0x000000008f100000, 0x000000008f200000|  0%| F|  |TAMS 0x000000008f100000, 0x000000008f100000| Untracked 
| 242|0x000000008f200000, 0x000000008f200000, 0x000000008f300000|  0%| F|  |TAMS 0x000000008f200000, 0x000000008f200000| Untracked 
| 243|0x000000008f300000, 0x000000008f300000, 0x000000008f400000|  0%| F|  |TAMS 0x000000008f300000, 0x000000008f300000| Untracked 
| 244|0x000000008f400000, 0x000000008f400000, 0x000000008f500000|  0%| F|  |TAMS 0x000000008f400000, 0x000000008f400000| Untracked 
| 245|0x000000008f500000, 0x000000008f500000, 0x000000008f600000|  0%| F|  |TAMS 0x000000008f500000, 0x000000008f500000| Untracked 
| 246|0x000000008f600000, 0x000000008f600000, 0x000000008f700000|  0%| F|  |TAMS 0x000000008f600000, 0x000000008f600000| Untracked 
| 247|0x000000008f700000, 0x000000008f700000, 0x000000008f800000|  0%| F|  |TAMS 0x000000008f700000, 0x000000008f700000| Untracked 
| 248|0x000000008f800000, 0x000000008f800000, 0x000000008f900000|  0%| F|  |TAMS 0x000000008f800000, 0x000000008f800000| Untracked 
| 249|0x000000008f900000, 0x000000008f900000, 0x000000008fa00000|  0%| F|  |TAMS 0x000000008f900000, 0x000000008f900000| Untracked 
| 250|0x000000008fa00000, 0x000000008fa00000, 0x000000008fb00000|  0%| F|  |TAMS 0x000000008fa00000, 0x000000008fa00000| Untracked 
| 251|0x000000008fb00000, 0x000000008fb00000, 0x000000008fc00000|  0%| F|  |TAMS 0x000000008fb00000, 0x000000008fb00000| Untracked 
| 252|0x000000008fc00000, 0x000000008fc00000, 0x000000008fd00000|  0%| F|  |TAMS 0x000000008fc00000, 0x000000008fc00000| Untracked 
| 253|0x000000008fd00000, 0x000000008fd00000, 0x000000008fe00000|  0%| F|  |TAMS 0x000000008fd00000, 0x000000008fd00000| Untracked 
| 254|0x000000008fe00000, 0x000000008fe00000, 0x000000008ff00000|  0%| F|  |TAMS 0x000000008fe00000, 0x000000008fe00000| Untracked 
| 255|0x000000008ff00000, 0x000000008ff00000, 0x0000000090000000|  0%| F|  |TAMS 0x000000008ff00000, 0x000000008ff00000| Untracked 
| 256|0x0000000090000000, 0x0000000090000000, 0x0000000090100000|  0%| F|  |TAMS 0x0000000090000000, 0x0000000090000000| Untracked 
| 257|0x0000000090100000, 0x0000000090100000, 0x0000000090200000|  0%| F|  |TAMS 0x0000000090100000, 0x0000000090100000| Untracked 
| 258|0x0000000090200000, 0x0000000090200000, 0x0000000090300000|  0%| F|  |TAMS 0x0000000090200000, 0x0000000090200000| Untracked 
| 259|0x0000000090300000, 0x0000000090300000, 0x0000000090400000|  0%| F|  |TAMS 0x0000000090300000, 0x0000000090300000| Untracked 
| 260|0x0000000090400000, 0x0000000090400000, 0x0000000090500000|  0%| F|  |TAMS 0x0000000090400000, 0x0000000090400000| Untracked 
| 261|0x0000000090500000, 0x0000000090500000, 0x0000000090600000|  0%| F|  |TAMS 0x0000000090500000, 0x0000000090500000| Untracked 
| 262|0x0000000090600000, 0x0000000090600000, 0x0000000090700000|  0%| F|  |TAMS 0x0000000090600000, 0x0000000090600000| Untracked 
| 263|0x0000000090700000, 0x0000000090700000, 0x0000000090800000|  0%| F|  |TAMS 0x0000000090700000, 0x0000000090700000| Untracked 
| 264|0x0000000090800000, 0x0000000090800000, 0x0000000090900000|  0%| F|  |TAMS 0x0000000090800000, 0x0000000090800000| Untracked 
| 265|0x0000000090900000, 0x0000000090900000, 0x0000000090a00000|  0%| F|  |TAMS 0x0000000090900000, 0x0000000090900000| Untracked 
| 266|0x0000000090a00000, 0x0000000090a00000, 0x0000000090b00000|  0%| F|  |TAMS 0x0000000090a00000, 0x0000000090a00000| Untracked 
| 267|0x0000000090b00000, 0x0000000090b00000, 0x0000000090c00000|  0%| F|  |TAMS 0x0000000090b00000, 0x0000000090b00000| Untracked 
| 268|0x0000000090c00000, 0x0000000090c00000, 0x0000000090d00000|  0%| F|  |TAMS 0x0000000090c00000, 0x0000000090c00000| Untracked 
| 269|0x0000000090d00000, 0x0000000090d00000, 0x0000000090e00000|  0%| F|  |TAMS 0x0000000090d00000, 0x0000000090d00000| Untracked 
| 270|0x0000000090e00000, 0x0000000090e00000, 0x0000000090f00000|  0%| F|  |TAMS 0x0000000090e00000, 0x0000000090e00000| Untracked 
| 271|0x0000000090f00000, 0x0000000090f00000, 0x0000000091000000|  0%| F|  |TAMS 0x0000000090f00000, 0x0000000090f00000| Untracked 
| 272|0x0000000091000000, 0x0000000091000000, 0x0000000091100000|  0%| F|  |TAMS 0x0000000091000000, 0x0000000091000000| Untracked 
| 273|0x0000000091100000, 0x0000000091100000, 0x0000000091200000|  0%| F|  |TAMS 0x0000000091100000, 0x0000000091100000| Untracked 
| 274|0x0000000091200000, 0x0000000091200000, 0x0000000091300000|  0%| F|  |TAMS 0x0000000091200000, 0x0000000091200000| Untracked 
| 275|0x0000000091300000, 0x0000000091300000, 0x0000000091400000|  0%| F|  |TAMS 0x0000000091300000, 0x0000000091300000| Untracked 
| 276|0x0000000091400000, 0x0000000091400000, 0x0000000091500000|  0%| F|  |TAMS 0x0000000091400000, 0x0000000091400000| Untracked 
| 277|0x0000000091500000, 0x0000000091500000, 0x0000000091600000|  0%| F|  |TAMS 0x0000000091500000, 0x0000000091500000| Untracked 
| 278|0x0000000091600000, 0x0000000091600000, 0x0000000091700000|  0%| F|  |TAMS 0x0000000091600000, 0x0000000091600000| Untracked 
| 279|0x0000000091700000, 0x0000000091700000, 0x0000000091800000|  0%| F|  |TAMS 0x0000000091700000, 0x0000000091700000| Untracked 
| 280|0x0000000091800000, 0x0000000091800000, 0x0000000091900000|  0%| F|  |TAMS 0x0000000091800000, 0x0000000091800000| Untracked 
| 281|0x0000000091900000, 0x0000000091900000, 0x0000000091a00000|  0%| F|  |TAMS 0x0000000091900000, 0x0000000091900000| Untracked 
| 282|0x0000000091a00000, 0x0000000091a00000, 0x0000000091b00000|  0%| F|  |TAMS 0x0000000091a00000, 0x0000000091a00000| Untracked 
| 283|0x0000000091b00000, 0x0000000091b00000, 0x0000000091c00000|  0%| F|  |TAMS 0x0000000091b00000, 0x0000000091b00000| Untracked 
| 284|0x0000000091c00000, 0x0000000091c00000, 0x0000000091d00000|  0%| F|  |TAMS 0x0000000091c00000, 0x0000000091c00000| Untracked 
| 285|0x0000000091d00000, 0x0000000091e00000, 0x0000000091e00000|100%| S|CS|TAMS 0x0000000091d00000, 0x0000000091d00000| Complete 
| 286|0x0000000091e00000, 0x0000000091f00000, 0x0000000091f00000|100%| S|CS|TAMS 0x0000000091e00000, 0x0000000091e00000| Complete 
| 287|0x0000000091f00000, 0x0000000091f00000, 0x0000000092000000|  0%| F|  |TAMS 0x0000000091f00000, 0x0000000091f00000| Untracked 
| 288|0x0000000092000000, 0x0000000092000000, 0x0000000092100000|  0%| F|  |TAMS 0x0000000092000000, 0x0000000092000000| Untracked 
| 289|0x0000000092100000, 0x0000000092100000, 0x0000000092200000|  0%| F|  |TAMS 0x0000000092100000, 0x0000000092100000| Untracked 
| 290|0x0000000092200000, 0x0000000092200000, 0x0000000092300000|  0%| F|  |TAMS 0x0000000092200000, 0x0000000092200000| Untracked 
| 291|0x0000000092300000, 0x0000000092300000, 0x0000000092400000|  0%| F|  |TAMS 0x0000000092300000, 0x0000000092300000| Untracked 
| 292|0x0000000092400000, 0x0000000092400000, 0x0000000092500000|  0%| F|  |TAMS 0x0000000092400000, 0x0000000092400000| Untracked 
| 293|0x0000000092500000, 0x0000000092500000, 0x0000000092600000|  0%| F|  |TAMS 0x0000000092500000, 0x0000000092500000| Untracked 
| 294|0x0000000092600000, 0x0000000092600000, 0x0000000092700000|  0%| F|  |TAMS 0x0000000092600000, 0x0000000092600000| Untracked 
| 295|0x0000000092700000, 0x0000000092700000, 0x0000000092800000|  0%| F|  |TAMS 0x0000000092700000, 0x0000000092700000| Untracked 
| 296|0x0000000092800000, 0x0000000092800000, 0x0000000092900000|  0%| F|  |TAMS 0x0000000092800000, 0x0000000092800000| Untracked 
| 297|0x0000000092900000, 0x0000000092900000, 0x0000000092a00000|  0%| F|  |TAMS 0x0000000092900000, 0x0000000092900000| Untracked 
| 298|0x0000000092a00000, 0x0000000092a00000, 0x0000000092b00000|  0%| F|  |TAMS 0x0000000092a00000, 0x0000000092a00000| Untracked 
| 299|0x0000000092b00000, 0x0000000092b00000, 0x0000000092c00000|  0%| F|  |TAMS 0x0000000092b00000, 0x0000000092b00000| Untracked 
| 300|0x0000000092c00000, 0x0000000092c00000, 0x0000000092d00000|  0%| F|  |TAMS 0x0000000092c00000, 0x0000000092c00000| Untracked 
| 301|0x0000000092d00000, 0x0000000092d00000, 0x0000000092e00000|  0%| F|  |TAMS 0x0000000092d00000, 0x0000000092d00000| Untracked 

Card table byte_map: [0x0000018854e10000,0x0000018855210000] _byte_map_base: 0x0000018854a10000

Marking Bits (Prev, Next): (CMBitMap*) 0x0000018842598710, (CMBitMap*) 0x0000018842598750
 Prev Bits: [0x0000018855610000, 0x0000018857610000)
 Next Bits: [0x0000018857610000, 0x0000018859610000)

Polling page: 0x00000188406e0000

Metaspace:

Usage:
  Non-class:     95.06 MB used.
      Class:     14.47 MB used.
       Both:    109.53 MB used.

Virtual space:
  Non-class space:       96.00 MB reserved,      95.44 MB (>99%) committed,  12 nodes.
      Class space:        1.00 GB reserved,      14.81 MB (  1%) committed,  1 nodes.
             Both:        1.09 GB reserved,     110.25 MB ( 10%) committed. 

Chunk freelists:
   Non-Class:  39.00 KB
       Class:  1.21 MB
        Both:  1.25 MB

MaxMetaspaceSize: unlimited
CompressedClassSpaceSize: 1.00 GB
Initial GC threshold: 21.00 MB
Current GC threshold: 112.31 MB
CDS: off
MetaspaceReclaimPolicy: balanced
 - commit_granule_bytes: 65536.
 - commit_granule_words: 8192.
 - virtual_space_node_default_size: 1048576.
 - enlarge_chunks_in_place: 1.
 - new_chunks_are_fully_committed: 0.
 - uncommit_free_chunks: 1.
 - use_allocation_guard: 0.
 - handle_deallocations: 1.


Internal statistics:

num_allocs_failed_limit: 6.
num_arena_births: 1092.
num_arena_deaths: 0.
num_vsnodes_births: 13.
num_vsnodes_deaths: 0.
num_space_committed: 1764.
num_space_uncommitted: 0.
num_chunks_returned_to_freelist: 6.
num_chunks_taken_from_freelist: 5186.
num_chunk_merges: 6.
num_chunk_splits: 3424.
num_chunks_enlarged: 2278.
num_purges: 0.
num_inconsistent_stats: 0.

CodeHeap 'non-profiled nmethods': size=120000Kb used=7679Kb max_used=7679Kb free=112320Kb
 bounds [0x000001884d4e0000, 0x000001884dc60000, 0x0000018854a10000]
CodeHeap 'profiled nmethods': size=120000Kb used=25896Kb max_used=25896Kb free=94103Kb
 bounds [0x0000018845a10000, 0x0000018847360000, 0x000001884cf40000]
CodeHeap 'non-nmethods': size=5760Kb used=2437Kb max_used=2486Kb free=3322Kb
 bounds [0x000001884cf40000, 0x000001884d1c0000, 0x000001884d4e0000]
 total_blobs=13951 nmethods=12971 adapters=892
 compilation: enabled
              stopped_count=0, restarted_count=0
 full_count=0

Compilation events (20 events):
Event: 455.737 Thread 0x000001885c5109e0 14670       4       org.gradle.api.internal.artifacts.result.DefaultResolutionResult::eachElement (92 bytes)
Event: 455.737 Thread 0x000001885bb3af50 14671       3       com.android.build.gradle.internal.utils.ResolutionResultUtils$getModuleComponents$1::invoke (9 bytes)
Event: 455.738 Thread 0x000001885bb3af50 nmethod 14671 0x0000018847355010 code [0x0000018847355240, 0x00000188473559b8]
Event: 455.738 Thread 0x000001885bb3af50 14672       3       com.android.build.gradle.internal.utils.ResolutionResultUtils$getModuleComponents$1::invoke (11 bytes)
Event: 455.739 Thread 0x000001885bb3af50 nmethod 14672 0x0000018847355c90 code [0x0000018847355ea0, 0x0000018847356498]
Event: 455.741 Thread 0x000001885bb3af50 14674       1       java.util.concurrent.ThreadPoolExecutor::getThreadFactory (5 bytes)
Event: 455.742 Thread 0x000001885bb3af50 nmethod 14674 0x000001884dc5fa90 code [0x000001884dc5fc20, 0x000001884dc5fcf8]
Event: 455.751 Thread 0x000001885bb3af50 14675   !   3       java.util.concurrent.ThreadPoolExecutor::runWorker (187 bytes)
Event: 455.755 Thread 0x000001885bb3af50 nmethod 14675 0x0000018847356710 code [0x0000018847356a20, 0x0000018847357d18]
Event: 455.767 Thread 0x000001885bb3af50 14676       3       java.lang.ThreadLocal$ThreadLocalMap$Entry::<init> (11 bytes)
Event: 455.767 Thread 0x000001885bb3af50 nmethod 14676 0x0000018847358510 code [0x00000188473586e0, 0x0000018847358ab8]
Event: 455.769 Thread 0x000001885bb3af50 14677       3       org.gradle.execution.plan.edges.DependencySuccessorsOnlyNodeSet::getState (55 bytes)
Event: 455.770 Thread 0x000001885bb3af50 nmethod 14677 0x0000018847358c10 code [0x0000018847358de0, 0x0000018847359158]
Event: 455.782 Thread 0x000001885bb3af50 14678   !   3       org.gradle.internal.resources.DefaultResourceLockCoordinationService::notifyStateChange (25 bytes)
Event: 455.782 Thread 0x000001885bb3af50 nmethod 14678 0x0000018847359290 code [0x0000018847359440, 0x0000018847359668]
Event: 455.885 Thread 0x000001885bb3af50 14679       3       org.gradle.internal.execution.impl.FingerprinterRegistration::hashCode (15 bytes)
Event: 455.886 Thread 0x000001885bb3af50 nmethod 14679 0x0000018847359790 code [0x0000018847359940, 0x0000018847359ce8]
Event: 455.944 Thread 0x000001885bb3af50 14681       3       java.io.ObjectOutputStream::flush (8 bytes)
Event: 455.945 Thread 0x000001885bb3af50 nmethod 14681 0x0000018847359e10 code [0x0000018847359fc0, 0x000001884735a238]
Event: 455.948 Thread 0x000001885bb3af50 14683       3       java.io.ObjectOutputStream::<init> (99 bytes)

GC Heap History (20 events):
Event: 59.503 GC heap after
{Heap after GC invocations=31 (full 0):
 garbage-first heap   total 144384K, used 62794K [0x0000000080000000, 0x0000000100000000)
  region size 1024K, 1 young (1024K), 1 survivors (1024K)
 Metaspace       used 72096K, committed 72640K, reserved 1114112K
  class space    used 9437K, committed 9664K, reserved 1048576K
}
Event: 62.628 GC heap before
{Heap before GC invocations=31 (full 0):
 garbage-first heap   total 144384K, used 107850K [0x0000000080000000, 0x0000000100000000)
  region size 1024K, 45 young (46080K), 1 survivors (1024K)
 Metaspace       used 76555K, committed 77120K, reserved 1122304K
  class space    used 10024K, committed 10304K, reserved 1048576K
}
Event: 62.648 GC heap after
{Heap after GC invocations=32 (full 0):
 garbage-first heap   total 144384K, used 64814K [0x0000000080000000, 0x0000000100000000)
  region size 1024K, 3 young (3072K), 3 survivors (3072K)
 Metaspace       used 76555K, committed 77120K, reserved 1122304K
  class space    used 10024K, committed 10304K, reserved 1048576K
}
Event: 64.528 GC heap before
{Heap before GC invocations=32 (full 0):
 garbage-first heap   total 144384K, used 109870K [0x0000000080000000, 0x0000000100000000)
  region size 1024K, 47 young (48128K), 3 survivors (3072K)
 Metaspace       used 77845K, committed 78400K, reserved 1122304K
  class space    used 10194K, committed 10496K, reserved 1048576K
}
Event: 64.569 GC heap after
{Heap after GC invocations=33 (full 0):
 garbage-first heap   total 144384K, used 68568K [0x0000000080000000, 0x0000000100000000)
  region size 1024K, 6 young (6144K), 6 survivors (6144K)
 Metaspace       used 77845K, committed 78400K, reserved 1122304K
  class space    used 10194K, committed 10496K, reserved 1048576K
}
Event: 66.827 GC heap before
{Heap before GC invocations=33 (full 0):
 garbage-first heap   total 144384K, used 113624K [0x0000000080000000, 0x0000000100000000)
  region size 1024K, 50 young (51200K), 6 survivors (6144K)
 Metaspace       used 83334K, committed 83968K, reserved 1122304K
  class space    used 11158K, committed 11456K, reserved 1048576K
}
Event: 66.865 GC heap after
{Heap after GC invocations=34 (full 0):
 garbage-first heap   total 144384K, used 71780K [0x0000000080000000, 0x0000000100000000)
  region size 1024K, 7 young (7168K), 7 survivors (7168K)
 Metaspace       used 83334K, committed 83968K, reserved 1122304K
  class space    used 11158K, committed 11456K, reserved 1048576K
}
Event: 68.912 GC heap before
{Heap before GC invocations=34 (full 0):
 garbage-first heap   total 144384K, used 114788K [0x0000000080000000, 0x0000000100000000)
  region size 1024K, 49 young (50176K), 7 survivors (7168K)
 Metaspace       used 88579K, committed 89152K, reserved 1130496K
  class space    used 11885K, committed 12160K, reserved 1048576K
}
Event: 68.968 GC heap after
{Heap after GC invocations=35 (full 0):
 garbage-first heap   total 309248K, used 74165K [0x0000000080000000, 0x0000000100000000)
  region size 1024K, 6 young (6144K), 6 survivors (6144K)
 Metaspace       used 88579K, committed 89152K, reserved 1130496K
  class space    used 11885K, committed 12160K, reserved 1048576K
}
Event: 79.332 GC heap before
{Heap before GC invocations=35 (full 0):
 garbage-first heap   total 309248K, used 231861K [0x0000000080000000, 0x0000000100000000)
  region size 1024K, 161 young (164864K), 6 survivors (6144K)
 Metaspace       used 100354K, committed 100992K, reserved 1138688K
  class space    used 13436K, committed 13696K, reserved 1048576K
}
Event: 79.645 GC heap after
{Heap after GC invocations=36 (full 0):
 garbage-first heap   total 309248K, used 92317K [0x0000000080000000, 0x0000000100000000)
  region size 1024K, 21 young (21504K), 21 survivors (21504K)
 Metaspace       used 100354K, committed 100992K, reserved 1138688K
  class space    used 13436K, committed 13696K, reserved 1048576K
}
Event: 86.965 GC heap before
{Heap before GC invocations=36 (full 0):
 garbage-first heap   total 309248K, used 180381K [0x0000000080000000, 0x0000000100000000)
  region size 1024K, 106 young (108544K), 21 survivors (21504K)
 Metaspace       used 104125K, committed 104704K, reserved 1146880K
  class space    used 14007K, committed 14272K, reserved 1048576K
}
Event: 87.250 GC heap after
{Heap after GC invocations=37 (full 0):
 garbage-first heap   total 309248K, used 102321K [0x0000000080000000, 0x0000000100000000)
  region size 1024K, 8 young (8192K), 8 survivors (8192K)
 Metaspace       used 104125K, committed 104704K, reserved 1146880K
  class space    used 14007K, committed 14272K, reserved 1048576K
}
Event: 96.397 GC heap before
{Heap before GC invocations=37 (full 0):
 garbage-first heap   total 309248K, used 203697K [0x0000000080000000, 0x0000000100000000)
  region size 1024K, 108 young (110592K), 8 survivors (8192K)
 Metaspace       used 107118K, committed 107776K, reserved 1146880K
  class space    used 14371K, committed 14720K, reserved 1048576K
}
Event: 96.562 GC heap after
{Heap after GC invocations=38 (full 0):
 garbage-first heap   total 309248K, used 103743K [0x0000000080000000, 0x0000000100000000)
  region size 1024K, 11 young (11264K), 11 survivors (11264K)
 Metaspace       used 107118K, committed 107776K, reserved 1146880K
  class space    used 14371K, committed 14720K, reserved 1048576K
}
Event: 447.607 GC heap before
{Heap before GC invocations=38 (full 0):
 garbage-first heap   total 309248K, used 188735K [0x0000000080000000, 0x0000000100000000)
  region size 1024K, 95 young (97280K), 11 survivors (11264K)
 Metaspace       used 111802K, committed 112576K, reserved 1146880K
  class space    used 14800K, committed 15168K, reserved 1048576K
}
Event: 449.143 GC heap after
{Heap after GC invocations=39 (full 0):
 garbage-first heap   total 309248K, used 108129K [0x0000000080000000, 0x0000000100000000)
  region size 1024K, 9 young (9216K), 9 survivors (9216K)
 Metaspace       used 111802K, committed 112576K, reserved 1146880K
  class space    used 14800K, committed 15168K, reserved 1048576K
}
Event: 452.708 GC heap before
{Heap before GC invocations=39 (full 0):
 garbage-first heap   total 309248K, used 114273K [0x0000000080000000, 0x0000000100000000)
  region size 1024K, 15 young (15360K), 9 survivors (9216K)
 Metaspace       used 111923K, committed 112704K, reserved 1146880K
  class space    used 14803K, committed 15168K, reserved 1048576K
}
Event: 452.897 GC heap after
{Heap after GC invocations=40 (full 0):
 garbage-first heap   total 309248K, used 110367K [0x0000000080000000, 0x0000000100000000)
  region size 1024K, 2 young (2048K), 2 survivors (2048K)
 Metaspace       used 111923K, committed 112704K, reserved 1146880K
  class space    used 14803K, committed 15168K, reserved 1048576K
}
Event: 455.968 GC heap before
{Heap before GC invocations=40 (full 0):
 garbage-first heap   total 309248K, used 123679K [0x0000000080000000, 0x0000000100000000)
  region size 1024K, 15 young (15360K), 2 survivors (2048K)
 Metaspace       used 112158K, committed 112896K, reserved 1146880K
  class space    used 14812K, committed 15168K, reserved 1048576K
}

Dll operation events (2 events):
Event: 0.058 Loaded shared library C:\Program Files\Android\Android Studio\jbr\bin\java.dll
Event: 3.775 Loaded shared library C:\Program Files\Android\Android Studio\jbr\bin\verify.dll

Deoptimization events (20 events):
Event: 451.114 Thread 0x00000188609f9890 DEOPT PACKING pc=0x000001884d822830 sp=0x00000032c16f77e0
Event: 451.115 Thread 0x00000188609f9890 DEOPT UNPACKING pc=0x000001884cf969a3 sp=0x00000032c16f77a0 mode 2
Event: 451.115 Thread 0x00000188609f9890 Uncommon trap: trap_request=0xffffffde fr.pc=0x000001884d822830 relative=0x0000000000000c50
Event: 451.115 Thread 0x00000188609f9890 Uncommon trap: reason=class_check action=maybe_recompile pc=0x000001884d822830 method=java.util.Hashtable.put(Ljava/lang/Object;Ljava/lang/Object;)Ljava/lang/Object; @ 60 c2
Event: 451.115 Thread 0x00000188609f9890 DEOPT PACKING pc=0x000001884d822830 sp=0x00000032c16f77e0
Event: 451.115 Thread 0x00000188609f9890 DEOPT UNPACKING pc=0x000001884cf969a3 sp=0x00000032c16f77a0 mode 2
Event: 454.252 Thread 0x00000188609f9890 DEOPT PACKING pc=0x0000018846479573 sp=0x00000032c16f8b20
Event: 454.252 Thread 0x00000188609f9890 DEOPT UNPACKING pc=0x000001884cf97143 sp=0x00000032c16f7fc0 mode 0
Event: 454.260 Thread 0x00000188609f9890 DEOPT PACKING pc=0x0000018846479573 sp=0x00000032c16f8b20
Event: 454.262 Thread 0x00000188609f9890 DEOPT UNPACKING pc=0x000001884cf97143 sp=0x00000032c16f7fc0 mode 0
Event: 454.361 Thread 0x00000188609f9890 Uncommon trap: trap_request=0xffffff45 fr.pc=0x000001884d5c0f48 relative=0x00000000000000a8
Event: 454.361 Thread 0x00000188609f9890 Uncommon trap: reason=unstable_if action=reinterpret pc=0x000001884d5c0f48 method=java.lang.CharacterDataLatin1.digit(II)I @ 12 c2
Event: 454.361 Thread 0x00000188609f9890 DEOPT PACKING pc=0x000001884d5c0f48 sp=0x00000032c16f8ea0
Event: 454.368 Thread 0x00000188609f9890 DEOPT UNPACKING pc=0x000001884cf969a3 sp=0x00000032c16f8e18 mode 2
Event: 455.397 Thread 0x00000188609f9890 DEOPT PACKING pc=0x00000188467e9b2c sp=0x00000032c16f9730
Event: 455.397 Thread 0x00000188609f9890 DEOPT UNPACKING pc=0x000001884cf97143 sp=0x00000032c16f8c60 mode 0
Event: 455.939 Thread 0x0000018861551570 Uncommon trap: trap_request=0xffffffbe fr.pc=0x000001884dafd6a8 relative=0x0000000000002a28
Event: 455.939 Thread 0x0000018861551570 Uncommon trap: reason=profile_predicate action=maybe_recompile pc=0x000001884dafd6a8 method=org.gradle.internal.snapshot.impl.AbstractValueProcessor.processValue(Ljava/lang/Object;Lorg/gradle/internal/snapshot/impl/AbstractValueProcessor$ValueVisitor;)Lja
Event: 455.939 Thread 0x0000018861551570 DEOPT PACKING pc=0x000001884dafd6a8 sp=0x00000032c55fe920
Event: 455.939 Thread 0x0000018861551570 DEOPT UNPACKING pc=0x000001884cf969a3 sp=0x00000032c55fe910 mode 2

Classes unloaded (0 events):
No events

Classes redefined (0 events):
No events

Internal exceptions (20 events):
Event: 99.206 Thread 0x000001885c8a0000 Implicit null exception at 0x000001884dab410b to 0x000001884dab7798
Event: 101.277 Thread 0x000001885c8a0000 Implicit null exception at 0x000001884db4a9fa to 0x000001884db4acbc
Event: 101.329 Thread 0x000001885d963070 Exception <a 'java/lang/NoSuchMethodError'{0x000000008fb280d8}: static Lorg/gradle/tooling/internal/provider/serialization/ClassLoaderDetails;.<clinit>()V> (0x000000008fb280d8) 
thrown [s\src\hotspot\share\prims\jni.cpp, line 1108]
Event: 101.338 Thread 0x000001885d963070 Exception <a 'java/lang/NoSuchMethodError'{0x000000008fb39b18}: static Lorg/gradle/tooling/internal/provider/serialization/WellKnownClassLoaderRegistry$KnownClassLoaderSpec;.<clinit>()V> (0x000000008fb39b18) 
thrown [s\src\hotspot\share\prims\jni.cpp, line 1108]
Event: 101.338 Thread 0x000001885d963070 Exception <a 'java/lang/NoSuchMethodError'{0x000000008fb3b190}: static Lorg/gradle/internal/classloader/ClassLoaderSpec;.<clinit>()V> (0x000000008fb3b190) 
thrown [s\src\hotspot\share\prims\jni.cpp, line 1108]
Event: 101.345 Thread 0x000001885d963070 Exception <a 'java/lang/NoSuchMethodError'{0x000000008fb4ce30}: static Lorg/gradle/internal/classloader/ClassLoaderSpec;.<clinit>()V> (0x000000008fb4ce30) 
thrown [s\src\hotspot\share\prims\jni.cpp, line 1108]
Event: 101.349 Thread 0x000001885d963070 Exception <a 'java/lang/NoSuchMethodError'{0x000000008fb58958}: static Lorg/gradle/internal/classloader/VisitableURLClassLoader$Spec;.<clinit>()V> (0x000000008fb58958) 
thrown [s\src\hotspot\share\prims\jni.cpp, line 1108]
Event: 101.358 Thread 0x000001885d963070 Exception <a 'java/lang/NoSuchMethodError'{0x000000008fb6a940}: static [Ljava/net/URL;.<clinit>()V> (0x000000008fb6a940) 
thrown [s\src\hotspot\share\prims\jni.cpp, line 1108]
Event: 101.364 Thread 0x000001885d963070 Exception <a 'java/lang/NoSuchMethodError'{0x000000008fb7f188}: static Lorg/gradle/internal/classloader/FilteringClassLoader$Spec;.<clinit>()V> (0x000000008fb7f188) 
thrown [s\src\hotspot\share\prims\jni.cpp, line 1108]
Event: 101.367 Thread 0x000001885d963070 Exception <a 'java/lang/NoSuchMethodError'{0x000000008fb8cea0}: static Lorg/gradle/internal/classloader/CachingClassLoader$Spec;.<clinit>()V> (0x000000008fb8cea0) 
thrown [s\src\hotspot\share\prims\jni.cpp, line 1108]
Event: 429.699 Thread 0x00000188609f9890 Implicit null exception at 0x000001884db3e6d2 to 0x000001884db3ecc8
Event: 450.728 Thread 0x00000188609f9890 Exception <a 'sun/nio/fs/WindowsException'{0x0000000092d38680}> (0x0000000092d38680) 
thrown [s\src\hotspot\share\prims\jni.cpp, line 517]
Event: 451.205 Thread 0x00000188609f9890 Exception <a 'java/lang/NoSuchMethodError'{0x0000000092c472b8}: 'org.gradle.internal.buildoption.BuildOption$Value org.gradle.api.internal.StartParameterInternal.getIsolatedProjects()'> (0x0000000092c472b8) 
thrown [s\src\hotspot\share\interpreter\linkResolver.cpp, line 771]
Event: 453.812 Thread 0x00000188609f9890 Exception <a 'sun/nio/fs/WindowsException'{0x00000000925ef390}> (0x00000000925ef390) 
thrown [s\src\hotspot\share\prims\jni.cpp, line 517]
Event: 454.648 Thread 0x00000188609f9890 Exception <a 'sun/nio/fs/WindowsException'{0x0000000092492258}> (0x0000000092492258) 
thrown [s\src\hotspot\share\prims\jni.cpp, line 517]
Event: 454.653 Thread 0x00000188609f9890 Exception <a 'sun/nio/fs/WindowsException'{0x00000000924935e0}> (0x00000000924935e0) 
thrown [s\src\hotspot\share\prims\jni.cpp, line 517]
Event: 454.654 Thread 0x00000188609f9890 Exception <a 'sun/nio/fs/WindowsException'{0x0000000092499170}> (0x0000000092499170) 
thrown [s\src\hotspot\share\prims\jni.cpp, line 517]
Event: 454.654 Thread 0x00000188609f9890 Exception <a 'sun/nio/fs/WindowsException'{0x000000009249a548}> (0x000000009249a548) 
thrown [s\src\hotspot\share\prims\jni.cpp, line 517]
Event: 455.682 Thread 0x00000188609f9890 Exception <a 'sun/nio/fs/WindowsException'{0x0000000091f0a7a8}> (0x0000000091f0a7a8) 
thrown [s\src\hotspot\share\prims\jni.cpp, line 517]
Event: 455.962 Thread 0x0000018860ad2a70 Exception <a 'sun/nio/fs/WindowsException'{0x0000000091ff5c28}> (0x0000000091ff5c28) 
thrown [s\src\hotspot\share\prims\jni.cpp, line 517]

VM Operations (20 events):
Event: 444.551 Executing VM operation: HandshakeAllThreads done
Event: 445.553 Executing VM operation: Cleanup
Event: 445.568 Executing VM operation: Cleanup done
Event: 446.576 Executing VM operation: Cleanup
Event: 446.603 Executing VM operation: Cleanup done
Event: 447.606 Executing VM operation: G1CollectForAllocation
Event: 449.144 Executing VM operation: G1CollectForAllocation done
Event: 451.150 Executing VM operation: Cleanup
Event: 451.151 Executing VM operation: Cleanup done
Event: 452.153 Executing VM operation: Cleanup
Event: 452.170 Executing VM operation: Cleanup done
Event: 452.707 Executing VM operation: G1CollectForAllocation
Event: 452.897 Executing VM operation: G1CollectForAllocation done
Event: 453.907 Executing VM operation: Cleanup
Event: 453.907 Executing VM operation: Cleanup done
Event: 454.914 Executing VM operation: Cleanup
Event: 454.930 Executing VM operation: Cleanup done
Event: 455.934 Executing VM operation: Cleanup
Event: 455.935 Executing VM operation: Cleanup done
Event: 455.967 Executing VM operation: G1CollectForAllocation

Events (20 events):
Event: 441.876 Thread 0x000001886154cd40 Thread added: 0x000001886154cd40
Event: 441.877 Thread 0x000001886154dbb0 Thread added: 0x000001886154dbb0
Event: 441.878 Thread 0x0000018861550bd0 Thread added: 0x0000018861550bd0
Event: 441.879 Thread 0x000001886154ea20 Thread added: 0x000001886154ea20
Event: 441.881 Thread 0x0000018861551a40 Thread added: 0x0000018861551a40
Event: 441.882 Thread 0x00000188615510a0 Thread added: 0x00000188615510a0
Event: 441.883 Thread 0x000001886154e550 Thread added: 0x000001886154e550
Event: 444.564 Thread 0x000001885bb3b460 flushing nmethod 0x000001884d506c10
Event: 444.663 Thread 0x000001885bb3b460 flushing nmethod 0x000001884d600a90
Event: 444.718 Thread 0x000001885bb3b460 flushing nmethod 0x000001884d65a110
Event: 445.844 Thread 0x000001885bb3b460 flushing nmethod 0x0000018845b2ce90
Event: 446.240 Thread 0x000001885bb3b460 flushing nmethod 0x00000188465fbd90
Event: 446.367 Thread 0x0000018861551570 Thread added: 0x0000018861551570
Event: 455.703 Thread 0x000001886154e080 Thread added: 0x000001886154e080
Event: 455.706 Thread 0x00000188615528b0 Thread added: 0x00000188615528b0
Event: 455.742 Thread 0x000001886154b060 Thread added: 0x000001886154b060
Event: 455.765 Thread 0x0000018860ad2a70 Thread added: 0x0000018860ad2a70
Event: 455.766 Thread 0x0000018860acff20 Thread added: 0x0000018860acff20
Event: 455.767 Thread 0x0000018860ad2f40 Thread added: 0x0000018860ad2f40
Event: 455.821 Thread 0x0000018860ad55c0 Thread added: 0x0000018860ad55c0


Dynamic libraries:
0x00007ff66f0d0000 - 0x00007ff66f0da000 	C:\Program Files\Android\Android Studio\jbr\bin\java.exe
0x00007ffcacc70000 - 0x00007ffcace68000 	C:\WINDOWS\SYSTEM32\ntdll.dll
0x00007ffcaaf00000 - 0x00007ffcaafbf000 	C:\WINDOWS\System32\KERNEL32.DLL
0x00007ffcaa590000 - 0x00007ffcaa886000 	C:\WINDOWS\System32\KERNELBASE.dll
0x00007ffcaa420000 - 0x00007ffcaa520000 	C:\WINDOWS\System32\ucrtbase.dll
0x00007ffca5560000 - 0x00007ffca5577000 	C:\Program Files\Android\Android Studio\jbr\bin\jli.dll
0x00007ffcaad60000 - 0x00007ffcaaefd000 	C:\WINDOWS\System32\USER32.dll
0x00007ffcaa3f0000 - 0x00007ffcaa412000 	C:\WINDOWS\System32\win32u.dll
0x00007ffcab020000 - 0x00007ffcab04c000 	C:\WINDOWS\System32\GDI32.dll
0x00007ffcaaaa0000 - 0x00007ffcaabb5000 	C:\WINDOWS\System32\gdi32full.dll
0x00007ffcaa350000 - 0x00007ffcaa3ed000 	C:\WINDOWS\System32\msvcp_win.dll
0x00007ffca4ac0000 - 0x00007ffca4adb000 	C:\Program Files\Android\Android Studio\jbr\bin\VCRUNTIME140.dll
0x00007ffc8dae0000 - 0x00007ffc8dd7a000 	C:\WINDOWS\WinSxS\amd64_microsoft.windows.common-controls_6595b64144ccf1df_6.0.19041.1110_none_60b5254171f9507e\COMCTL32.dll
0x00007ffcab650000 - 0x00007ffcab6ee000 	C:\WINDOWS\System32\msvcrt.dll
0x00007ffcaad30000 - 0x00007ffcaad60000 	C:\WINDOWS\System32\IMM32.DLL
0x00007ffca4ab0000 - 0x00007ffca4abc000 	C:\Program Files\Android\Android Studio\jbr\bin\vcruntime140_1.dll
0x00007ffc9a7a0000 - 0x00007ffc9a82d000 	C:\Program Files\Android\Android Studio\jbr\bin\msvcp140.dll
0x00007ffc67180000 - 0x00007ffc67ded000 	C:\Program Files\Android\Android Studio\jbr\bin\server\jvm.dll
0x00007ffcab6f0000 - 0x00007ffcab79f000 	C:\WINDOWS\System32\ADVAPI32.dll
0x00007ffcac7e0000 - 0x00007ffcac87c000 	C:\WINDOWS\System32\sechost.dll
0x00007ffcabf60000 - 0x00007ffcac086000 	C:\WINDOWS\System32\RPCRT4.dll
0x00007ffc9bdc0000 - 0x00007ffc9bdca000 	C:\WINDOWS\SYSTEM32\VERSION.dll
0x00007ffc8edc0000 - 0x00007ffc8ede7000 	C:\WINDOWS\SYSTEM32\WINMM.dll
0x00007ffca4a80000 - 0x00007ffca4a89000 	C:\WINDOWS\SYSTEM32\WSOCK32.dll
0x00007ffcab5e0000 - 0x00007ffcab64b000 	C:\WINDOWS\System32\ws2_32.DLL
0x00007ffca8200000 - 0x00007ffca8212000 	C:\WINDOWS\SYSTEM32\kernel.appcore.dll
0x00007ffca46a0000 - 0x00007ffca46aa000 	C:\Program Files\Android\Android Studio\jbr\bin\jimage.dll
0x00007ffc9bb50000 - 0x00007ffc9bd34000 	C:\WINDOWS\SYSTEM32\DBGHELP.DLL
0x00007ffc9bb10000 - 0x00007ffc9bb44000 	C:\WINDOWS\SYSTEM32\dbgcore.DLL
0x00007ffcaabf0000 - 0x00007ffcaac72000 	C:\WINDOWS\System32\bcryptPrimitives.dll
0x00007ffca3210000 - 0x00007ffca3235000 	C:\Program Files\Android\Android Studio\jbr\bin\java.dll
0x00007ffc9adf0000 - 0x00007ffc9ae08000 	C:\Program Files\Android\Android Studio\jbr\bin\zip.dll
0x00007ffcac090000 - 0x00007ffcac7d4000 	C:\WINDOWS\System32\SHELL32.dll
0x00007ffca8400000 - 0x00007ffca8b94000 	C:\WINDOWS\SYSTEM32\windows.storage.dll
0x00007ffcab0e0000 - 0x00007ffcab434000 	C:\WINDOWS\System32\combase.dll
0x00007ffca9cc0000 - 0x00007ffca9cee000 	C:\WINDOWS\SYSTEM32\Wldp.dll
0x00007ffcac950000 - 0x00007ffcac9fd000 	C:\WINDOWS\System32\SHCORE.dll
0x00007ffcaafc0000 - 0x00007ffcab015000 	C:\WINDOWS\System32\shlwapi.dll
0x00007ffcaa280000 - 0x00007ffcaa2a5000 	C:\WINDOWS\SYSTEM32\profapi.dll
0x00007ffca32d0000 - 0x00007ffca32e9000 	C:\Program Files\Android\Android Studio\jbr\bin\net.dll
0x00007ffca5d40000 - 0x00007ffca5e4a000 	C:\WINDOWS\SYSTEM32\WINHTTP.dll
0x00007ffca9a20000 - 0x00007ffca9a8a000 	C:\WINDOWS\system32\mswsock.dll
0x00007ffc9aa70000 - 0x00007ffc9aa86000 	C:\Program Files\Android\Android Studio\jbr\bin\nio.dll
0x00007ffca35e0000 - 0x00007ffca35f0000 	C:\Program Files\Android\Android Studio\jbr\bin\verify.dll
0x00007ffca4880000 - 0x00007ffca48a7000 	C:\Users\Besitzer\.gradle\native\68d5fa5c4cc2d200863cafc0d521ce42e7d3e7ee720ec0a83991735586a16f82\windows-amd64\native-platform.dll
0x00007ffc89f60000 - 0x00007ffc8a0a4000 	C:\Users\Besitzer\.gradle\native\e376f236ea51e6404a007f0833ffe2c6e607c4080706a723a18a27aeea778392\windows-amd64\native-platform-file-events.dll
0x00007ffca3e90000 - 0x00007ffca3e99000 	C:\Program Files\Android\Android Studio\jbr\bin\management.dll
0x00007ffca3e60000 - 0x00007ffca3e6b000 	C:\Program Files\Android\Android Studio\jbr\bin\management_ext.dll
0x00007ffcacc20000 - 0x00007ffcacc28000 	C:\WINDOWS\System32\PSAPI.DLL
0x00007ffca9c10000 - 0x00007ffca9c28000 	C:\WINDOWS\SYSTEM32\CRYPTSP.dll
0x00007ffca9340000 - 0x00007ffca9374000 	C:\WINDOWS\system32\rsaenh.dll
0x00007ffcaabc0000 - 0x00007ffcaabe7000 	C:\WINDOWS\System32\bcrypt.dll
0x00007ffcaa240000 - 0x00007ffcaa26e000 	C:\WINDOWS\SYSTEM32\USERENV.dll
0x00007ffca9c30000 - 0x00007ffca9c3c000 	C:\WINDOWS\SYSTEM32\CRYPTBASE.dll
0x00007ffca9710000 - 0x00007ffca974c000 	C:\WINDOWS\SYSTEM32\IPHLPAPI.DLL
0x00007ffcab050000 - 0x00007ffcab058000 	C:\WINDOWS\System32\NSI.dll
0x00007ffca1ad0000 - 0x00007ffca1ae7000 	C:\WINDOWS\SYSTEM32\dhcpcsvc6.DLL
0x00007ffca19e0000 - 0x00007ffca19fd000 	C:\WINDOWS\SYSTEM32\dhcpcsvc.DLL
0x00007ffca9750000 - 0x00007ffca981a000 	C:\WINDOWS\SYSTEM32\DNSAPI.dll
0x00007ffca32c0000 - 0x00007ffca32c7000 	C:\WINDOWS\system32\wshunix.dll
0x00007ffc9f2a0000 - 0x00007ffc9f2aa000 	C:\Windows\System32\rasadhlp.dll
0x00007ffc9f1b0000 - 0x00007ffc9f232000 	C:\WINDOWS\System32\fwpuclnt.dll
0x00007ffca4810000 - 0x00007ffca4827000 	C:\WINDOWS\system32\napinsp.dll
0x00007ffca3d90000 - 0x00007ffca3dab000 	C:\WINDOWS\system32\pnrpnsp.dll
0x00007ffc86520000 - 0x00007ffc86535000 	C:\WINDOWS\system32\wshbth.dll
0x00007ffca3030000 - 0x00007ffca304d000 	C:\WINDOWS\system32\NLAapi.dll
0x00007ffca3c30000 - 0x00007ffca3c42000 	C:\WINDOWS\System32\winrnr.dll

dbghelp: loaded successfully - version: 4.0.5 - missing functions: none
symbol engine: initialized successfully - sym options: 0x614 - pdb path: .;C:\Program Files\Android\Android Studio\jbr\bin;C:\WINDOWS\SYSTEM32;C:\WINDOWS\WinSxS\amd64_microsoft.windows.common-controls_6595b64144ccf1df_6.0.19041.1110_none_60b5254171f9507e;C:\Program Files\Android\Android Studio\jbr\bin\server;C:\Users\Besitzer\.gradle\native\68d5fa5c4cc2d200863cafc0d521ce42e7d3e7ee720ec0a83991735586a16f82\windows-amd64;C:\Users\Besitzer\.gradle\native\e376f236ea51e6404a007f0833ffe2c6e607c4080706a723a18a27aeea778392\windows-amd64

VM Arguments:
jvm_args: --add-opens=java.base/java.util=ALL-UNNAMED --add-opens=java.base/java.lang=ALL-UNNAMED --add-opens=java.base/java.lang.invoke=ALL-UNNAMED --add-opens=java.prefs/java.util.prefs=ALL-UNNAMED --add-opens=java.base/java.nio.charset=ALL-UNNAMED --add-opens=java.base/java.net=ALL-UNNAMED --add-opens=java.base/java.util.concurrent.atomic=ALL-UNNAMED -Xmx2048m -Dfile.encoding=UTF-8 -Duser.country=IN -Duser.language=en -Duser.variant 
java_command: org.gradle.launcher.daemon.bootstrap.GradleDaemon 8.0
java_class_path (initial): C:\Users\Besitzer\.gradle\wrapper\dists\gradle-8.0-bin\ca5e32bp14vu59qr306oxotwh\gradle-8.0\lib\gradle-launcher-8.0.jar
Launcher Type: SUN_STANDARD

[Global flags]
     intx CICompilerCount                          = 3                                         {product} {ergonomic}
     uint ConcGCThreads                            = 1                                         {product} {ergonomic}
     uint G1ConcRefinementThreads                  = 4                                         {product} {ergonomic}
   size_t G1HeapRegionSize                         = 1048576                                   {product} {ergonomic}
    uintx GCDrainStackTargetSize                   = 64                                        {product} {ergonomic}
   size_t InitialHeapSize                          = 62914560                                  {product} {ergonomic}
   size_t MarkStackSize                            = 4194304                                   {product} {ergonomic}
   size_t MaxHeapSize                              = 2147483648                                {product} {command line}
   size_t MaxNewSize                               = 1287651328                                {product} {ergonomic}
   size_t MinHeapDeltaBytes                        = 1048576                                   {product} {ergonomic}
   size_t MinHeapSize                              = 8388608                                   {product} {ergonomic}
    uintx NonNMethodCodeHeapSize                   = 5832780                                {pd product} {ergonomic}
    uintx NonProfiledCodeHeapSize                  = 122912730                              {pd product} {ergonomic}
    uintx ProfiledCodeHeapSize                     = 122912730                              {pd product} {ergonomic}
    uintx ReservedCodeCacheSize                    = 251658240                              {pd product} {ergonomic}
     bool SegmentedCodeCache                       = true                                      {product} {ergonomic}
   size_t SoftMaxHeapSize                          = 2147483648                             {manageable} {ergonomic}
     bool UseCompressedClassPointers               = true                           {product lp64_product} {ergonomic}
     bool UseCompressedOops                        = true                           {product lp64_product} {ergonomic}
     bool UseG1GC                                  = true                                      {product} {ergonomic}
     bool UseLargePagesIndividualAllocation        = false                                  {pd product} {ergonomic}

Logging:
Log output configuration:
 #0: stdout all=warning uptime,level,tags
 #1: stderr all=off uptime,level,tags

Environment Variables:
PATH=C:\Program Files (x86)\VMware\VMware Player\bin\;C:\WINDOWS\system32;C:\WINDOWS;C:\WINDOWS\System32\Wbem;C:\WINDOWS\System32\WindowsPowerShell\v1.0\;C:\Program Files (x86)\Windows Live\Shared;C:\WINDOWS\System32\OpenSSH\;C:\Program Files\Java\jdk-21\bin;C:\php\php;C:\ProgramData\ComposerSetup\bin;C:\Program Files\dotnet\;C:\Users\Besitzer\AppData\Local\Programs\Python\Python310\Scripts\;C:\Users\Besitzer\AppData\Local\Programs\Python\Python310\;C:\Users\Besitzer\AppData\Local\Microsoft\WindowsApps;;C:\Users\Besitzer\AppData\Local\Programs\Microsoft VS Code\bin;C:\Users\Besitzer\AppData\Roaming\Composer\vendor\bin;C:\Users\Besitzer\.dotnet\tools
USERNAME=axy
OS=Windows_NT
PROCESSOR_IDENTIFIER=Intel64 Family 6 Model 58 Stepping 9, GenuineIntel
TMP=C:\Users\Besitzer\AppData\Local\Temp
TEMP=C:\Users\Besitzer\AppData\Local\Temp



---------------  S Y S T E M  ---------------

OS:
 Windows 10 , 64 bit Build 19041 (10.0.19041.3155)
OS uptime: 4 days 18:42 hours

CPU: total 4 (initial active 4) (2 cores per cpu, 2 threads per core) family 6 model 58 stepping 9 microcode 0x21, cx8, cmov, fxsr, ht, mmx, sse, sse2, sse3, ssse3, sse4.1, sse4.2, popcnt, tsc, tscinvbit, avx, aes, erms, clmul, vzeroupper, clflush

Memory: 4k page, system-wide physical 3793M (53M free)
TotalPageFile size 15569M (AvailPageFile size 22M)
current process WorkingSet (physical memory assigned to process): 175M, peak: 210M
current process commit charge ("private bytes"): 607M, peak: 669M

vm_info: OpenJDK 64-Bit Server VM (17.0.6+0-b2043.56-9586694) for windows-amd64 JRE (17.0.6+0-b2043.56-9586694), built on Feb  9 2023 20:06:20 by "androidbuild" with MS VC++ 16.10 / 16.11 (VS2019)

END.
